# JRE version: Java(TM) SE Runtime Environment (8.0_91-b14) (build 1.8.0_91-b14)
# Java VM: Java HotSpot(TM) 64-Bit Server VM (25.91-b14 mixed mode windows-amd64 compressed oops)
Heap:
 PSYoungGen      total 164352K, used 136990K [0x00000000eab00000, 0x0000000100000000, 0x0000000100000000)
  eden space 144896K, 87% used [0x00000000eab00000,0x00000000f26d2d10,0x00000000f3880000)
  from space 19456K, 52% used [0x00000000f3880000,0x00000000f4274d90,0x00000000f4b80000)
  to   space 31744K, 0% used [0x00000000fe100000,0x00000000fe100000,0x0000000100000000)
 ParOldGen       total 94208K, used 49077K [0x00000000c0000000, 0x00000000c5c00000, 0x00000000eab00000)
  object space 94208K, 52% used [0x00000000c0000000,0x00000000c2fed578,0x00000000c5c00000)
 Metaspace       used 6911K, capacity 7608K, committed 7936K, reserved 1056768K
  class space    used 646K, capacity 688K, committed 768K, reserved 1048576K
GC Heap History (10 events):
Event: 19.966 GC heap before
{Heap before GC invocations=4 (full 0):
 PSYoungGen      total 39936K, used 39921K [0x00000000eab00000, 0x00000000ef900000, 0x0000000100000000)
  eden space 36864K, 100% used [0x00000000eab00000,0x00000000ecf00000,0x00000000ecf00000)
  from space 3072K, 99% used [0x00000000ecf00000,0x00000000ed1fc5e8,0x00000000ed200000)
  to   space 3072K, 0% used [0x00000000ef600000,0x00000000ef600000,0x00000000ef900000)
 ParOldGen       total 49152K, used 7496K [0x00000000c0000000, 0x00000000c3000000, 0x00000000eab00000)
  object space 49152K, 15% used [0x00000000c0000000,0x00000000c07522d0,0x00000000c3000000)
 Metaspace       used 6247K, capacity 7090K, committed 7296K, reserved 1056768K
  class space    used 605K, capacity 618K, committed 640K, reserved 1048576K
Event: 20.254 GC heap after
Heap after GC invocations=4 (full 0):
 PSYoungGen      total 76800K, used 3052K [0x00000000eab00000, 0x00000000ef900000, 0x0000000100000000)
  eden space 73728K, 0% used [0x00000000eab00000,0x00000000eab00000,0x00000000ef300000)
  from space 3072K, 99% used [0x00000000ef600000,0x00000000ef8fb350,0x00000000ef900000)
  to   space 3072K, 0% used [0x00000000ef300000,0x00000000ef300000,0x00000000ef600000)
 ParOldGen       total 49152K, used 13071K [0x00000000c0000000, 0x00000000c3000000, 0x00000000eab00000)
  object space 49152K, 26% used [0x00000000c0000000,0x00000000c0cc3e58,0x00000000c3000000)
 Metaspace       used 6247K, capacity 7090K, committed 7296K, reserved 1056768K
  class space    used 605K, capacity 618K, committed 640K, reserved 1048576K
}
Event: 23.134 GC heap before
{Heap before GC invocations=5 (full 0):
 PSYoungGen      total 76800K, used 76780K [0x00000000eab00000, 0x00000000ef900000, 0x0000000100000000)
  eden space 73728K, 100% used [0x00000000eab00000,0x00000000ef300000,0x00000000ef300000)
  from space 3072K, 99% used [0x00000000ef600000,0x00000000ef8fb350,0x00000000ef900000)
  to   space 3072K, 0% used [0x00000000ef300000,0x00000000ef300000,0x00000000ef600000)
 ParOldGen       total 49152K, used 13071K [0x00000000c0000000, 0x00000000c3000000, 0x00000000eab00000)
  object space 49152K, 26% used [0x00000000c0000000,0x00000000c0cc3e58,0x00000000c3000000)
 Metaspace       used 6346K, capacity 7154K, committed 7296K, reserved 1056768K
  class space    used 605K, capacity 618K, committed 640K, reserved 1048576K
Event: 23.456 GC heap after
Heap after GC invocations=5 (full 0):
 PSYoungGen      total 76800K, used 3041K [0x00000000eab00000, 0x00000000f5c00000, 0x0000000100000000)
  eden space 73728K, 0% used [0x00000000eab00000,0x00000000eab00000,0x00000000ef300000)
  from space 3072K, 99% used [0x00000000ef300000,0x00000000ef5f85d8,0x00000000ef600000)
  to   space 16896K, 0% used [0x00000000f4b80000,0x00000000f4b80000,0x00000000f5c00000)
 ParOldGen       total 49152K, used 24878K [0x00000000c0000000, 0x00000000c3000000, 0x00000000eab00000)
  object space 49152K, 50% used [0x00000000c0000000,0x00000000c184b878,0x00000000c3000000)
 Metaspace       used 6346K, capacity 7154K, committed 7296K, reserved 1056768K
  class space    used 605K, capacity 618K, committed 640K, reserved 1048576K
}
Event: 24.721 GC heap before
{Heap before GC invocations=6 (full 0):
 PSYoungGen      total 76800K, used 76769K [0x00000000eab00000, 0x00000000f5c00000, 0x0000000100000000)
  eden space 73728K, 100% used [0x00000000eab00000,0x00000000ef300000,0x00000000ef300000)
  from space 3072K, 99% used [0x00000000ef300000,0x00000000ef5f85d8,0x00000000ef600000)
  to   space 16896K, 0% used [0x00000000f4b80000,0x00000000f4b80000,0x00000000f5c00000)
 ParOldGen       total 49152K, used 24878K [0x00000000c0000000, 0x00000000c3000000, 0x00000000eab00000)
  object space 49152K, 50% used [0x00000000c0000000,0x00000000c184b878,0x00000000c3000000)
 Metaspace       used 6414K, capacity 7218K, committed 7296K, reserved 1056768K
  class space    used 605K, capacity 618K, committed 640K, reserved 1048576K
Event: 24.863 GC heap after
Heap after GC invocations=6 (full 0):
 PSYoungGen      total 161792K, used 15243K [0x00000000eab00000, 0x00000000f6100000, 0x0000000100000000)
  eden space 144896K, 0% used [0x00000000eab00000,0x00000000eab00000,0x00000000f3880000)
  from space 16896K, 90% used [0x00000000f4b80000,0x00000000f5a62f98,0x00000000f5c00000)
  to   space 19456K, 0% used [0x00000000f3880000,0x00000000f3880000,0x00000000f4b80000)
 ParOldGen       total 49152K, used 24878K [0x00000000c0000000, 0x00000000c3000000, 0x00000000eab00000)
  object space 49152K, 50% used [0x00000000c0000000,0x00000000c184b878,0x00000000c3000000)
 Metaspace       used 6414K, capacity 7218K, committed 7296K, reserved 1056768K
  class space    used 605K, capacity 618K, committed 640K, reserved 1048576K
}
Event: 26.462 GC heap before
{Heap before GC invocations=7 (full 0):
 PSYoungGen      total 161792K, used 160139K [0x00000000eab00000, 0x00000000f6100000, 0x0000000100000000)
  eden space 144896K, 100% used [0x00000000eab00000,0x00000000f3880000,0x00000000f3880000)
  from space 16896K, 90% used [0x00000000f4b80000,0x00000000f5a62f98,0x00000000f5c00000)
  to   space 19456K, 0% used [0x00000000f3880000,0x00000000f3880000,0x00000000f4b80000)
 ParOldGen       total 49152K, used 24878K [0x00000000c0000000, 0x00000000c3000000, 0x00000000eab00000)
  object space 49152K, 50% used [0x00000000c0000000,0x00000000c184b878,0x00000000c3000000)
 Metaspace       used 6550K, capacity 7256K, committed 7424K, reserved 1056768K
  class space    used 625K, capacity 656K, committed 768K, reserved 1048576K
Event: 26.741 GC heap after
Heap after GC invocations=7 (full 0):
 PSYoungGen      total 164352K, used 19436K [0x00000000eab00000, 0x0000000100000000, 0x0000000100000000)
  eden space 144896K, 0% used [0x00000000eab00000,0x00000000eab00000,0x00000000f3880000)
  from space 19456K, 99% used [0x00000000f3880000,0x00000000f4b7b1e8,0x00000000f4b80000)
  to   space 31744K, 0% used [0x00000000fe100000,0x00000000fe100000,0x0000000100000000)
 ParOldGen       total 49152K, used 42222K [0x00000000c0000000, 0x00000000c3000000, 0x00000000eab00000)
  object space 49152K, 85% used [0x00000000c0000000,0x00000000c293b9b8,0x00000000c3000000)
 Metaspace       used 6550K, capacity 7256K, committed 7424K, reserved 1056768K
  class space    used 625K, capacity 656K, committed 768K, reserved 1048576K
}
Event: 26.741 GC heap before
{Heap before GC invocations=8 (full 1):
 PSYoungGen      total 164352K, used 19436K [0x00000000eab00000, 0x0000000100000000, 0x0000000100000000)
  eden space 144896K, 0% used [0x00000000eab00000,0x00000000eab00000,0x00000000f3880000)
  from space 19456K, 99% used [0x00000000f3880000,0x00000000f4b7b1e8,0x00000000f4b80000)
  to   space 31744K, 0% used [0x00000000fe100000,0x00000000fe100000,0x0000000100000000)
 ParOldGen       total 49152K, used 42222K [0x00000000c0000000, 0x00000000c3000000, 0x00000000eab00000)
  object space 49152K, 85% used [0x00000000c0000000,0x00000000c293b9b8,0x00000000c3000000)
 Metaspace       used 6550K, capacity 7256K, committed 7424K, reserved 1056768K
  class space    used 625K, capacity 656K, committed 768K, reserved 1048576K
Event: 29.259 GC heap after
Heap after GC invocations=8 (full 1):
 PSYoungGen      total 164352K, used 10195K [0x00000000eab00000, 0x0000000100000000, 0x0000000100000000)
  eden space 144896K, 0% used [0x00000000eab00000,0x00000000eab00000,0x00000000f3880000)
  from space 19456K, 52% used [0x00000000f3880000,0x00000000f4274d90,0x00000000f4b80000)
  to   space 31744K, 0% used [0x00000000fe100000,0x00000000fe100000,0x0000000100000000)
 ParOldGen       total 94208K, used 49077K [0x00000000c0000000, 0x00000000c5c00000, 0x00000000eab00000)
  object space 94208K, 52% used [0x00000000c0000000,0x00000000c2fed578,0x00000000c5c00000)
 Metaspace       used 6550K, capacity 7256K, committed 7424K, reserved 1056768K
  class space    used 625K, capacity 656K, committed 768K, reserved 1048576K
}

