# JRE version: Java(TM) SE Runtime Environment (8.0_91-b14) (build 1.8.0_91-b14)
# Java VM: Java HotSpot(TM) 64-Bit Server VM (25.91-b14 mixed mode windows-amd64 compressed oops)
Heap:
 PSYoungGen      total 68096K, used 66667K [0x00000000eab00000, 0x00000000ef900000, 0x0000000100000000)
  eden space 57856K, 100% used [0x00000000eab00000,0x00000000ee380000,0x00000000ee380000)
  from space 10240K, 86% used [0x00000000eee00000,0x00000000ef69ac60,0x00000000ef800000)
  to   space 10752K, 99% used [0x00000000ee380000,0x00000000eedfcf58,0x00000000eee00000)
 ParOldGen       total 49152K, used 28704K [0x00000000c0000000, 0x00000000c3000000, 0x00000000eab00000)
  object space 49152K, 58% used [0x00000000c0000000,0x00000000c1c080f0,0x00000000c3000000)
 Metaspace       used 6458K, capacity 7192K, committed 7424K, reserved 1056768K
  class space    used 625K, capacity 656K, committed 768K, reserved 1048576K
GC Heap History (10 events):
Event: 15.023 GC heap after
Heap after GC invocations=4 (full 0):
 PSYoungGen      total 39936K, used 3047K [0x00000000eab00000, 0x00000000ed500000, 0x0000000100000000)
  eden space 36864K, 0% used [0x00000000eab00000,0x00000000eab00000,0x00000000ecf00000)
  from space 3072K, 99% used [0x00000000ed200000,0x00000000ed4f9d08,0x00000000ed500000)
  to   space 3072K, 0% used [0x00000000ecf00000,0x00000000ecf00000,0x00000000ed200000)
 ParOldGen       total 49152K, used 8893K [0x00000000c0000000, 0x00000000c3000000, 0x00000000eab00000)
  object space 49152K, 18% used [0x00000000c0000000,0x00000000c08af778,0x00000000c3000000)
 Metaspace       used 6213K, capacity 7090K, committed 7296K, reserved 1056768K
  class space    used 604K, capacity 618K, committed 640K, reserved 1048576K
}
Event: 16.053 GC heap before
{Heap before GC invocations=5 (full 0):
 PSYoungGen      total 39936K, used 39911K [0x00000000eab00000, 0x00000000ed500000, 0x0000000100000000)
  eden space 36864K, 100% used [0x00000000eab00000,0x00000000ecf00000,0x00000000ecf00000)
  from space 3072K, 99% used [0x00000000ed200000,0x00000000ed4f9d08,0x00000000ed500000)
  to   space 3072K, 0% used [0x00000000ecf00000,0x00000000ecf00000,0x00000000ed200000)
 ParOldGen       total 49152K, used 8893K [0x00000000c0000000, 0x00000000c3000000, 0x00000000eab00000)
  object space 49152K, 18% used [0x00000000c0000000,0x00000000c08af778,0x00000000c3000000)
 Metaspace       used 6282K, capacity 7154K, committed 7296K, reserved 1056768K
  class space    used 604K, capacity 618K, committed 640K, reserved 1048576K
Event: 16.170 GC heap after
Heap after GC invocations=5 (full 0):
 PSYoungGen      total 39936K, used 3044K [0x00000000eab00000, 0x00000000ed500000, 0x0000000100000000)
  eden space 36864K, 0% used [0x00000000eab00000,0x00000000eab00000,0x00000000ecf00000)
  from space 3072K, 99% used [0x00000000ecf00000,0x00000000ed1f93b8,0x00000000ed200000)
  to   space 3072K, 0% used [0x00000000ed200000,0x00000000ed200000,0x00000000ed500000)
 ParOldGen       total 49152K, used 14738K [0x00000000c0000000, 0x00000000c3000000, 0x00000000eab00000)
  object space 49152K, 29% used [0x00000000c0000000,0x00000000c0e64a40,0x00000000c3000000)
 Metaspace       used 6282K, capacity 7154K, committed 7296K, reserved 1056768K
  class space    used 604K, capacity 618K, committed 640K, reserved 1048576K
}
Event: 16.880 GC heap before
{Heap before GC invocations=6 (full 0):
 PSYoungGen      total 39936K, used 39908K [0x00000000eab00000, 0x00000000ed500000, 0x0000000100000000)
  eden space 36864K, 100% used [0x00000000eab00000,0x00000000ecf00000,0x00000000ecf00000)
  from space 3072K, 99% used [0x00000000ecf00000,0x00000000ed1f93b8,0x00000000ed200000)
  to   space 3072K, 0% used [0x00000000ed200000,0x00000000ed200000,0x00000000ed500000)
 ParOldGen       total 49152K, used 14738K [0x00000000c0000000, 0x00000000c3000000, 0x00000000eab00000)
  object space 49152K, 29% used [0x00000000c0000000,0x00000000c0e64a40,0x00000000c3000000)
 Metaspace       used 6303K, capacity 7154K, committed 7296K, reserved 1056768K
  class space    used 604K, capacity 618K, committed 640K, reserved 1048576K
Event: 16.966 GC heap after
Heap after GC invocations=6 (full 0):
 PSYoungGen      total 32256K, used 3054K [0x00000000eab00000, 0x00000000f0800000, 0x0000000100000000)
  eden space 29184K, 0% used [0x00000000eab00000,0x00000000eab00000,0x00000000ec780000)
  from space 3072K, 99% used [0x00000000ed200000,0x00000000ed4fbbb8,0x00000000ed500000)
  to   space 10752K, 0% used [0x00000000ec780000,0x00000000ec780000,0x00000000ed200000)
 ParOldGen       total 49152K, used 20748K [0x00000000c0000000, 0x00000000c3000000, 0x00000000eab00000)
  object space 49152K, 42% used [0x00000000c0000000,0x00000000c14432a0,0x00000000c3000000)
 Metaspace       used 6303K, capacity 7154K, committed 7296K, reserved 1056768K
  class space    used 604K, capacity 618K, committed 640K, reserved 1048576K
}
Event: 17.429 GC heap before
{Heap before GC invocations=7 (full 0):
 PSYoungGen      total 32256K, used 32238K [0x00000000eab00000, 0x00000000f0800000, 0x0000000100000000)
  eden space 29184K, 100% used [0x00000000eab00000,0x00000000ec780000,0x00000000ec780000)
  from space 3072K, 99% used [0x00000000ed200000,0x00000000ed4fbbb8,0x00000000ed500000)
  to   space 10752K, 0% used [0x00000000ec780000,0x00000000ec780000,0x00000000ed200000)
 ParOldGen       total 49152K, used 20748K [0x00000000c0000000, 0x00000000c3000000, 0x00000000eab00000)
  object space 49152K, 42% used [0x00000000c0000000,0x00000000c14432a0,0x00000000c3000000)
 Metaspace       used 6400K, capacity 7192K, committed 7424K, reserved 1056768K
  class space    used 625K, capacity 656K, committed 768K, reserved 1048576K
Event: 17.521 GC heap after
Heap after GC invocations=7 (full 0):
 PSYoungGen      total 39936K, used 5654K [0x00000000eab00000, 0x00000000ef800000, 0x0000000100000000)
  eden space 29184K, 0% used [0x00000000eab00000,0x00000000eab00000,0x00000000ec780000)
  from space 10752K, 52% used [0x00000000ec780000,0x00000000ecd05848,0x00000000ed200000)
  to   space 10240K, 0% used [0x00000000eee00000,0x00000000eee00000,0x00000000ef800000)
 ParOldGen       total 49152K, used 22572K [0x00000000c0000000, 0x00000000c3000000, 0x00000000eab00000)
  object space 49152K, 45% used [0x00000000c0000000,0x00000000c160b250,0x00000000c3000000)
 Metaspace       used 6400K, capacity 7192K, committed 7424K, reserved 1056768K
  class space    used 625K, capacity 656K, committed 768K, reserved 1048576K
}
Event: 18.380 GC heap before
{Heap before GC invocations=8 (full 0):
 PSYoungGen      total 39936K, used 34838K [0x00000000eab00000, 0x00000000ef800000, 0x0000000100000000)
  eden space 29184K, 100% used [0x00000000eab00000,0x00000000ec780000,0x00000000ec780000)
  from space 10752K, 52% used [0x00000000ec780000,0x00000000ecd05848,0x00000000ed200000)
  to   space 10240K, 0% used [0x00000000eee00000,0x00000000eee00000,0x00000000ef800000)
 ParOldGen       total 49152K, used 22572K [0x00000000c0000000, 0x00000000c3000000, 0x00000000eab00000)
  object space 49152K, 45% used [0x00000000c0000000,0x00000000c160b250,0x00000000c3000000)
 Metaspace       used 6412K, capacity 7192K, committed 7424K, reserved 1056768K
  class space    used 625K, capacity 656K, committed 768K, reserved 1048576K
Event: 18.573 GC heap after
Heap after GC invocations=8 (full 0):
 PSYoungGen      total 68096K, used 8811K [0x00000000eab00000, 0x00000000ef900000, 0x0000000100000000)
  eden space 57856K, 0% used [0x00000000eab00000,0x00000000eab00000,0x00000000ee380000)
  from space 10240K, 86% used [0x00000000eee00000,0x00000000ef69ac60,0x00000000ef800000)
  to   space 10752K, 0% used [0x00000000ee380000,0x00000000ee380000,0x00000000eee00000)
 ParOldGen       total 49152K, used 22881K [0x00000000c0000000, 0x00000000c3000000, 0x00000000eab00000)
  object space 49152K, 46% used [0x00000000c0000000,0x00000000c1658748,0x00000000c3000000)
 Metaspace       used 6412K, capacity 7192K, committed 7424K, reserved 1056768K
  class space    used 625K, capacity 656K, committed 768K, reserved 1048576K
}
Event: 20.537 GC heap before
{Heap before GC invocations=9 (full 0):
 PSYoungGen      total 68096K, used 66667K [0x00000000eab00000, 0x00000000ef900000, 0x0000000100000000)
  eden space 57856K, 100% used [0x00000000eab00000,0x00000000ee380000,0x00000000ee380000)
  from space 10240K, 86% used [0x00000000eee00000,0x00000000ef69ac60,0x00000000ef800000)
  to   space 10752K, 0% used [0x00000000ee380000,0x00000000ee380000,0x00000000eee00000)
 ParOldGen       total 49152K, used 22881K [0x00000000c0000000, 0x00000000c3000000, 0x00000000eab00000)
  object space 49152K, 46% used [0x00000000c0000000,0x00000000c1658748,0x00000000c3000000)
 Metaspace       used 6458K, capacity 7192K, committed 7424K, reserved 1056768K
  class space    used 625K, capacity 656K, committed 768K, reserved 1048576K

