# JRE version: Java(TM) SE Runtime Environment (8.0_91-b14) (build 1.8.0_91-b14)
# Java VM: Java HotSpot(TM) 64-Bit Server VM (25.91-b14 mixed mode windows-amd64 compressed oops)
Heap:
 PSYoungGen      total 147456K, used 130747K [0x00000000eab00000, 0x00000000f7b00000, 0x0000000100000000)
  eden space 131072K, 92% used [0x00000000eab00000,0x00000000f21cd9f0,0x00000000f2b00000)
  from space 16384K, 55% used [0x00000000f4b00000,0x00000000f53e15f0,0x00000000f5b00000)
  to   space 32768K, 0% used [0x00000000f2b00000,0x00000000f2b00000,0x00000000f4b00000)
 ParOldGen       total 97280K, used 48905K [0x00000000c0000000, 0x00000000c5f00000, 0x00000000eab00000)
  object space 97280K, 50% used [0x00000000c0000000,0x00000000c2fc24a8,0x00000000c5f00000)
 Metaspace       used 6501K, capacity 7192K, committed 7424K, reserved 1056768K
  class space    used 621K, capacity 656K, committed 768K, reserved 1048576K
GC Heap History (10 events):
Event: 5.837 GC heap before
{Heap before GC invocations=3 (full 0):
 PSYoungGen      total 39936K, used 39927K [0x00000000eab00000, 0x00000000ed500000, 0x0000000100000000)
  eden space 36864K, 100% used [0x00000000eab00000,0x00000000ecf00000,0x00000000ecf00000)
  from space 3072K, 99% used [0x00000000ed200000,0x00000000ed4fdc78,0x00000000ed500000)
  to   space 3072K, 0% used [0x00000000ecf00000,0x00000000ecf00000,0x00000000ed200000)
 ParOldGen       total 49152K, used 1857K [0x00000000c0000000, 0x00000000c3000000, 0x00000000eab00000)
  object space 49152K, 3% used [0x00000000c0000000,0x00000000c01d0758,0x00000000c3000000)
 Metaspace       used 6227K, capacity 7090K, committed 7296K, reserved 1056768K
  class space    used 598K, capacity 618K, committed 640K, reserved 1048576K
Event: 5.917 GC heap after
Heap after GC invocations=3 (full 0):
 PSYoungGen      total 39936K, used 3040K [0x00000000eab00000, 0x00000000ef900000, 0x0000000100000000)
  eden space 36864K, 0% used [0x00000000eab00000,0x00000000eab00000,0x00000000ecf00000)
  from space 3072K, 98% used [0x00000000ecf00000,0x00000000ed1f8048,0x00000000ed200000)
  to   space 3072K, 0% used [0x00000000ef600000,0x00000000ef600000,0x00000000ef900000)
 ParOldGen       total 49152K, used 7469K [0x00000000c0000000, 0x00000000c3000000, 0x00000000eab00000)
  object space 49152K, 15% used [0x00000000c0000000,0x00000000c074b4e8,0x00000000c3000000)
 Metaspace       used 6227K, capacity 7090K, committed 7296K, reserved 1056768K
  class space    used 598K, capacity 618K, committed 640K, reserved 1048576K
}
Event: 7.015 GC heap before
{Heap before GC invocations=4 (full 0):
 PSYoungGen      total 39936K, used 39904K [0x00000000eab00000, 0x00000000ef900000, 0x0000000100000000)
  eden space 36864K, 100% used [0x00000000eab00000,0x00000000ecf00000,0x00000000ecf00000)
  from space 3072K, 98% used [0x00000000ecf00000,0x00000000ed1f8048,0x00000000ed200000)
  to   space 3072K, 0% used [0x00000000ef600000,0x00000000ef600000,0x00000000ef900000)
 ParOldGen       total 49152K, used 7469K [0x00000000c0000000, 0x00000000c3000000, 0x00000000eab00000)
  object space 49152K, 15% used [0x00000000c0000000,0x00000000c074b4e8,0x00000000c3000000)
 Metaspace       used 6366K, capacity 7128K, committed 7424K, reserved 1056768K
  class space    used 620K, capacity 656K, committed 768K, reserved 1048576K
Event: 7.136 GC heap after
Heap after GC invocations=4 (full 0):
 PSYoungGen      total 76800K, used 3056K [0x00000000eab00000, 0x00000000ef900000, 0x0000000100000000)
  eden space 73728K, 0% used [0x00000000eab00000,0x00000000eab00000,0x00000000ef300000)
  from space 3072K, 99% used [0x00000000ef600000,0x00000000ef8fc058,0x00000000ef900000)
  to   space 3072K, 0% used [0x00000000ef300000,0x00000000ef300000,0x00000000ef600000)
 ParOldGen       total 49152K, used 12917K [0x00000000c0000000, 0x00000000c3000000, 0x00000000eab00000)
  object space 49152K, 26% used [0x00000000c0000000,0x00000000c0c9d688,0x00000000c3000000)
 Metaspace       used 6366K, capacity 7128K, committed 7424K, reserved 1056768K
  class space    used 620K, capacity 656K, committed 768K, reserved 1048576K
}
Event: 12.314 GC heap before
{Heap before GC invocations=5 (full 0):
 PSYoungGen      total 76800K, used 76784K [0x00000000eab00000, 0x00000000ef900000, 0x0000000100000000)
  eden space 73728K, 100% used [0x00000000eab00000,0x00000000ef300000,0x00000000ef300000)
  from space 3072K, 99% used [0x00000000ef600000,0x00000000ef8fc058,0x00000000ef900000)
  to   space 3072K, 0% used [0x00000000ef300000,0x00000000ef300000,0x00000000ef600000)
 ParOldGen       total 49152K, used 12917K [0x00000000c0000000, 0x00000000c3000000, 0x00000000eab00000)
  object space 49152K, 26% used [0x00000000c0000000,0x00000000c0c9d688,0x00000000c3000000)
 Metaspace       used 6479K, capacity 7192K, committed 7424K, reserved 1056768K
  class space    used 620K, capacity 656K, committed 768K, reserved 1048576K
Event: 12.601 GC heap after
Heap after GC invocations=5 (full 0):
 PSYoungGen      total 76800K, used 3040K [0x00000000eab00000, 0x00000000f5b00000, 0x0000000100000000)
  eden space 73728K, 0% used [0x00000000eab00000,0x00000000eab00000,0x00000000ef300000)
  from space 3072K, 98% used [0x00000000ef300000,0x00000000ef5f8048,0x00000000ef600000)
  to   space 16384K, 0% used [0x00000000f4b00000,0x00000000f4b00000,0x00000000f5b00000)
 ParOldGen       total 49152K, used 23666K [0x00000000c0000000, 0x00000000c3000000, 0x00000000eab00000)
  object space 49152K, 48% used [0x00000000c0000000,0x00000000c171c9f8,0x00000000c3000000)
 Metaspace       used 6479K, capacity 7192K, committed 7424K, reserved 1056768K
  class space    used 620K, capacity 656K, committed 768K, reserved 1048576K
}
Event: 18.014 GC heap before
{Heap before GC invocations=6 (full 0):
 PSYoungGen      total 76800K, used 76768K [0x00000000eab00000, 0x00000000f5b00000, 0x0000000100000000)
  eden space 73728K, 100% used [0x00000000eab00000,0x00000000ef300000,0x00000000ef300000)
  from space 3072K, 98% used [0x00000000ef300000,0x00000000ef5f8048,0x00000000ef600000)
  to   space 16384K, 0% used [0x00000000f4b00000,0x00000000f4b00000,0x00000000f5b00000)
 ParOldGen       total 49152K, used 23666K [0x00000000c0000000, 0x00000000c3000000, 0x00000000eab00000)
  object space 49152K, 48% used [0x00000000c0000000,0x00000000c171c9f8,0x00000000c3000000)
 Metaspace       used 6486K, capacity 7192K, committed 7424K, reserved 1056768K
  class space    used 620K, capacity 656K, committed 768K, reserved 1048576K
Event: 18.128 GC heap after
Heap after GC invocations=6 (full 0):
 PSYoungGen      total 147456K, used 16370K [0x00000000eab00000, 0x00000000f7b00000, 0x0000000100000000)
  eden space 131072K, 0% used [0x00000000eab00000,0x00000000eab00000,0x00000000f2b00000)
  from space 16384K, 99% used [0x00000000f4b00000,0x00000000f5afc980,0x00000000f5b00000)
  to   space 32768K, 0% used [0x00000000f2b00000,0x00000000f2b00000,0x00000000f4b00000)
 ParOldGen       total 49152K, used 45891K [0x00000000c0000000, 0x00000000c3000000, 0x00000000eab00000)
  object space 49152K, 93% used [0x00000000c0000000,0x00000000c2cd0ee0,0x00000000c3000000)
 Metaspace       used 6486K, capacity 7192K, committed 7424K, reserved 1056768K
  class space    used 620K, capacity 656K, committed 768K, reserved 1048576K
}
Event: 18.128 GC heap before
{Heap before GC invocations=7 (full 1):
 PSYoungGen      total 147456K, used 16370K [0x00000000eab00000, 0x00000000f7b00000, 0x0000000100000000)
  eden space 131072K, 0% used [0x00000000eab00000,0x00000000eab00000,0x00000000f2b00000)
  from space 16384K, 99% used [0x00000000f4b00000,0x00000000f5afc980,0x00000000f5b00000)
  to   space 32768K, 0% used [0x00000000f2b00000,0x00000000f2b00000,0x00000000f4b00000)
 ParOldGen       total 49152K, used 45891K [0x00000000c0000000, 0x00000000c3000000, 0x00000000eab00000)
  object space 49152K, 93% used [0x00000000c0000000,0x00000000c2cd0ee0,0x00000000c3000000)
 Metaspace       used 6486K, capacity 7192K, committed 7424K, reserved 1056768K
  class space    used 620K, capacity 656K, committed 768K, reserved 1048576K
Event: 18.828 GC heap after
Heap after GC invocations=7 (full 1):
 PSYoungGen      total 147456K, used 9093K [0x00000000eab00000, 0x00000000f7b00000, 0x0000000100000000)
  eden space 131072K, 0% used [0x00000000eab00000,0x00000000eab00000,0x00000000f2b00000)
  from space 16384K, 55% used [0x00000000f4b00000,0x00000000f53e15f0,0x00000000f5b00000)
  to   space 32768K, 0% used [0x00000000f2b00000,0x00000000f2b00000,0x00000000f4b00000)
 ParOldGen       total 97280K, used 48905K [0x00000000c0000000, 0x00000000c5f00000, 0x00000000eab00000)
  object space 97280K, 50% used [0x00000000c0000000,0x00000000c2fc24a8,0x00000000c5f00000)
 Metaspace       used 6486K, capacity 7192K, committed 7424K, reserved 1056768K
  class space    used 620K, capacity 656K, committed 768K, reserved 1048576K
}

