# JRE version: Java(TM) SE Runtime Environment (8.0_91-b14) (build 1.8.0_91-b14)
# Java VM: Java HotSpot(TM) 64-Bit Server VM (25.91-b14 mixed mode windows-amd64 compressed oops)
Heap:
 PSYoungGen      total 76800K, used 32205K [0x00000000eab00000, 0x00000000f5800000, 0x0000000100000000)
  eden space 73728K, 39% used [0x00000000eab00000,0x00000000ec776c60,0x00000000ef300000)
  from space 3072K, 99% used [0x00000000ef300000,0x00000000ef5fca30,0x00000000ef600000)
  to   space 14848K, 0% used [0x00000000f4980000,0x00000000f4980000,0x00000000f5800000)
 ParOldGen       total 49152K, used 25564K [0x00000000c0000000, 0x00000000c3000000, 0x00000000eab00000)
  object space 49152K, 52% used [0x00000000c0000000,0x00000000c18f70b0,0x00000000c3000000)
 Metaspace       used 6664K, capacity 7384K, committed 7680K, reserved 1056768K
  class space    used 642K, capacity 656K, committed 768K, reserved 1048576K
GC Heap History (10 events):
Event: 5.977 GC heap before
{Heap before GC invocations=1 (full 0):
 PSYoungGen      total 21504K, used 18432K [0x00000000eab00000, 0x00000000ec300000, 0x0000000100000000)
  eden space 18432K, 100% used [0x00000000eab00000,0x00000000ebd00000,0x00000000ebd00000)
  from space 3072K, 0% used [0x00000000ec000000,0x00000000ec000000,0x00000000ec300000)
  to   space 3072K, 0% used [0x00000000ebd00000,0x00000000ebd00000,0x00000000ec000000)
 ParOldGen       total 49152K, used 0K [0x00000000c0000000, 0x00000000c3000000, 0x00000000eab00000)
  object space 49152K, 0% used [0x00000000c0000000,0x00000000c0000000,0x00000000c3000000)
 Metaspace       used 5834K, capacity 6770K, committed 7040K, reserved 1056768K
  class space    used 598K, capacity 618K, committed 640K, reserved 1048576K
Event: 6.179 GC heap after
Heap after GC invocations=1 (full 0):
 PSYoungGen      total 21504K, used 3048K [0x00000000eab00000, 0x00000000ed500000, 0x0000000100000000)
  eden space 18432K, 0% used [0x00000000eab00000,0x00000000eab00000,0x00000000ebd00000)
  from space 3072K, 99% used [0x00000000ebd00000,0x00000000ebffa3e0,0x00000000ec000000)
  to   space 3072K, 0% used [0x00000000ed200000,0x00000000ed200000,0x00000000ed500000)
 ParOldGen       total 49152K, used 1288K [0x00000000c0000000, 0x00000000c3000000, 0x00000000eab00000)
  object space 49152K, 2% used [0x00000000c0000000,0x00000000c0142090,0x00000000c3000000)
 Metaspace       used 5834K, capacity 6770K, committed 7040K, reserved 1056768K
  class space    used 598K, capacity 618K, committed 640K, reserved 1048576K
}
Event: 8.127 GC heap before
{Heap before GC invocations=2 (full 0):
 PSYoungGen      total 21504K, used 21480K [0x00000000eab00000, 0x00000000ed500000, 0x0000000100000000)
  eden space 18432K, 100% used [0x00000000eab00000,0x00000000ebd00000,0x00000000ebd00000)
  from space 3072K, 99% used [0x00000000ebd00000,0x00000000ebffa3e0,0x00000000ec000000)
  to   space 3072K, 0% used [0x00000000ed200000,0x00000000ed200000,0x00000000ed500000)
 ParOldGen       total 49152K, used 1288K [0x00000000c0000000, 0x00000000c3000000, 0x00000000eab00000)
  object space 49152K, 2% used [0x00000000c0000000,0x00000000c0142090,0x00000000c3000000)
 Metaspace       used 6057K, capacity 6962K, committed 7040K, reserved 1056768K
  class space    used 600K, capacity 618K, committed 640K, reserved 1048576K
Event: 8.628 GC heap after
Heap after GC invocations=2 (full 0):
 PSYoungGen      total 39936K, used 3040K [0x00000000eab00000, 0x00000000ed500000, 0x0000000100000000)
  eden space 36864K, 0% used [0x00000000eab00000,0x00000000eab00000,0x00000000ecf00000)
  from space 3072K, 98% used [0x00000000ed200000,0x00000000ed4f8018,0x00000000ed500000)
  to   space 3072K, 0% used [0x00000000ecf00000,0x00000000ecf00000,0x00000000ed200000)
 ParOldGen       total 49152K, used 3533K [0x00000000c0000000, 0x00000000c3000000, 0x00000000eab00000)
  object space 49152K, 7% used [0x00000000c0000000,0x00000000c0373408,0x00000000c3000000)
 Metaspace       used 6057K, capacity 6962K, committed 7040K, reserved 1056768K
  class space    used 600K, capacity 618K, committed 640K, reserved 1048576K
}
Event: 13.538 GC heap before
{Heap before GC invocations=3 (full 0):
 PSYoungGen      total 39936K, used 39904K [0x00000000eab00000, 0x00000000ed500000, 0x0000000100000000)
  eden space 36864K, 100% used [0x00000000eab00000,0x00000000ecf00000,0x00000000ecf00000)
  from space 3072K, 98% used [0x00000000ed200000,0x00000000ed4f8018,0x00000000ed500000)
  to   space 3072K, 0% used [0x00000000ecf00000,0x00000000ecf00000,0x00000000ed200000)
 ParOldGen       total 49152K, used 3533K [0x00000000c0000000, 0x00000000c3000000, 0x00000000eab00000)
  object space 49152K, 7% used [0x00000000c0000000,0x00000000c0373408,0x00000000c3000000)
 Metaspace       used 6198K, capacity 7090K, committed 7296K, reserved 1056768K
  class space    used 603K, capacity 618K, committed 640K, reserved 1048576K
Event: 13.910 GC heap after
Heap after GC invocations=3 (full 0):
 PSYoungGen      total 39936K, used 3055K [0x00000000eab00000, 0x00000000ef900000, 0x0000000100000000)
  eden space 36864K, 0% used [0x00000000eab00000,0x00000000eab00000,0x00000000ecf00000)
  from space 3072K, 99% used [0x00000000ecf00000,0x00000000ed1fbcf0,0x00000000ed200000)
  to   space 3072K, 0% used [0x00000000ef600000,0x00000000ef600000,0x00000000ef900000)
 ParOldGen       total 49152K, used 9573K [0x00000000c0000000, 0x00000000c3000000, 0x00000000eab00000)
  object space 49152K, 19% used [0x00000000c0000000,0x00000000c09595f0,0x00000000c3000000)
 Metaspace       used 6198K, capacity 7090K, committed 7296K, reserved 1056768K
  class space    used 603K, capacity 618K, committed 640K, reserved 1048576K
}
Event: 18.291 GC heap before
{Heap before GC invocations=4 (full 0):
 PSYoungGen      total 39936K, used 39919K [0x00000000eab00000, 0x00000000ef900000, 0x0000000100000000)
  eden space 36864K, 100% used [0x00000000eab00000,0x00000000ecf00000,0x00000000ecf00000)
  from space 3072K, 99% used [0x00000000ecf00000,0x00000000ed1fbcf0,0x00000000ed200000)
  to   space 3072K, 0% used [0x00000000ef600000,0x00000000ef600000,0x00000000ef900000)
 ParOldGen       total 49152K, used 9573K [0x00000000c0000000, 0x00000000c3000000, 0x00000000eab00000)
  object space 49152K, 19% used [0x00000000c0000000,0x00000000c09595f0,0x00000000c3000000)
 Metaspace       used 6320K, capacity 7128K, committed 7424K, reserved 1056768K
  class space    used 624K, capacity 656K, committed 768K, reserved 1048576K
Event: 19.160 GC heap after
Heap after GC invocations=4 (full 0):
 PSYoungGen      total 76800K, used 3044K [0x00000000eab00000, 0x00000000ef900000, 0x0000000100000000)
  eden space 73728K, 0% used [0x00000000eab00000,0x00000000eab00000,0x00000000ef300000)
  from space 3072K, 99% used [0x00000000ef600000,0x00000000ef8f90f8,0x00000000ef900000)
  to   space 3072K, 0% used [0x00000000ef300000,0x00000000ef300000,0x00000000ef600000)
 ParOldGen       total 49152K, used 14869K [0x00000000c0000000, 0x00000000c3000000, 0x00000000eab00000)
  object space 49152K, 30% used [0x00000000c0000000,0x00000000c0e85640,0x00000000c3000000)
 Metaspace       used 6320K, capacity 7128K, committed 7424K, reserved 1056768K
  class space    used 624K, capacity 656K, committed 768K, reserved 1048576K
}
Event: 26.105 GC heap before
{Heap before GC invocations=5 (full 0):
 PSYoungGen      total 76800K, used 76772K [0x00000000eab00000, 0x00000000ef900000, 0x0000000100000000)
  eden space 73728K, 100% used [0x00000000eab00000,0x00000000ef300000,0x00000000ef300000)
  from space 3072K, 99% used [0x00000000ef600000,0x00000000ef8f90f8,0x00000000ef900000)
  to   space 3072K, 0% used [0x00000000ef300000,0x00000000ef300000,0x00000000ef600000)
 ParOldGen       total 49152K, used 14869K [0x00000000c0000000, 0x00000000c3000000, 0x00000000eab00000)
  object space 49152K, 30% used [0x00000000c0000000,0x00000000c0e85640,0x00000000c3000000)
 Metaspace       used 6357K, capacity 7128K, committed 7424K, reserved 1056768K
  class space    used 624K, capacity 656K, committed 768K, reserved 1048576K
Event: 26.492 GC heap after
Heap after GC invocations=5 (full 0):
 PSYoungGen      total 76800K, used 3058K [0x00000000eab00000, 0x00000000f5800000, 0x0000000100000000)
  eden space 73728K, 0% used [0x00000000eab00000,0x00000000eab00000,0x00000000ef300000)
  from space 3072K, 99% used [0x00000000ef300000,0x00000000ef5fca30,0x00000000ef600000)
  to   space 14848K, 0% used [0x00000000f4980000,0x00000000f4980000,0x00000000f5800000)
 ParOldGen       total 49152K, used 25564K [0x00000000c0000000, 0x00000000c3000000, 0x00000000eab00000)
  object space 49152K, 52% used [0x00000000c0000000,0x00000000c18f70b0,0x00000000c3000000)
 Metaspace       used 6357K, capacity 7128K, committed 7424K, reserved 1056768K
  class space    used 624K, capacity 656K, committed 768K, reserved 1048576K
}

