# JRE version: Java(TM) SE Runtime Environment (8.0_91-b14) (build 1.8.0_91-b14)
# Java VM: Java HotSpot(TM) 64-Bit Server VM (25.91-b14 mixed mode windows-amd64 compressed oops)
Heap:
 PSYoungGen      total 157696K, used 102689K [0x00000000eab00000, 0x00000000f6900000, 0x0000000100000000)
  eden space 140800K, 72% used [0x00000000eab00000,0x00000000f0f48478,0x00000000f3480000)
  from space 16896K, 0% used [0x00000000f4b80000,0x00000000f4b80000,0x00000000f5c00000)
  to   space 23552K, 0% used [0x00000000f3480000,0x00000000f3480000,0x00000000f4b80000)
 ParOldGen       total 197120K, used 131968K [0x00000000c0000000, 0x00000000cc080000, 0x00000000eab00000)
  object space 197120K, 66% used [0x00000000c0000000,0x00000000c80e0280,0x00000000cc080000)
 Metaspace       used 6492K, capacity 7192K, committed 7424K, reserved 1056768K
  class space    used 620K, capacity 656K, committed 768K, reserved 1048576K
GC Heap History (10 events):
Event: 13.584 GC heap before
{Heap before GC invocations=5 (full 0):
 PSYoungGen      total 76800K, used 76800K [0x00000000eab00000, 0x00000000ef900000, 0x0000000100000000)
  eden space 73728K, 100% used [0x00000000eab00000,0x00000000ef300000,0x00000000ef300000)
  from space 3072K, 100% used [0x00000000ef600000,0x00000000ef900000,0x00000000ef900000)
  to   space 3072K, 0% used [0x00000000ef300000,0x00000000ef300000,0x00000000ef600000)
 ParOldGen       total 49152K, used 12983K [0x00000000c0000000, 0x00000000c3000000, 0x00000000eab00000)
  object space 49152K, 26% used [0x00000000c0000000,0x00000000c0caddc0,0x00000000c3000000)
 Metaspace       used 6445K, capacity 7192K, committed 7424K, reserved 1056768K
  class space    used 620K, capacity 656K, committed 768K, reserved 1048576K
Event: 13.645 GC heap after
Heap after GC invocations=5 (full 0):
 PSYoungGen      total 76800K, used 3072K [0x00000000eab00000, 0x00000000f5c00000, 0x0000000100000000)
  eden space 73728K, 0% used [0x00000000eab00000,0x00000000eab00000,0x00000000ef300000)
  from space 3072K, 100% used [0x00000000ef300000,0x00000000ef600000,0x00000000ef600000)
  to   space 16896K, 0% used [0x00000000f4b80000,0x00000000f4b80000,0x00000000f5c00000)
 ParOldGen       total 49152K, used 24135K [0x00000000c0000000, 0x00000000c3000000, 0x00000000eab00000)
  object space 49152K, 49% used [0x00000000c0000000,0x00000000c1791e98,0x00000000c3000000)
 Metaspace       used 6445K, capacity 7192K, committed 7424K, reserved 1056768K
  class space    used 620K, capacity 656K, committed 768K, reserved 1048576K
}
Event: 15.083 GC heap before
{Heap before GC invocations=6 (full 0):
 PSYoungGen      total 76800K, used 76800K [0x00000000eab00000, 0x00000000f5c00000, 0x0000000100000000)
  eden space 73728K, 100% used [0x00000000eab00000,0x00000000ef300000,0x00000000ef300000)
  from space 3072K, 100% used [0x00000000ef300000,0x00000000ef600000,0x00000000ef600000)
  to   space 16896K, 0% used [0x00000000f4b80000,0x00000000f4b80000,0x00000000f5c00000)
 ParOldGen       total 49152K, used 24135K [0x00000000c0000000, 0x00000000c3000000, 0x00000000eab00000)
  object space 49152K, 49% used [0x00000000c0000000,0x00000000c1791e98,0x00000000c3000000)
 Metaspace       used 6462K, capacity 7192K, committed 7424K, reserved 1056768K
  class space    used 620K, capacity 656K, committed 768K, reserved 1048576K
Event: 15.280 GC heap after
Heap after GC invocations=6 (full 0):
 PSYoungGen      total 157696K, used 16872K [0x00000000eab00000, 0x00000000f6900000, 0x0000000100000000)
  eden space 140800K, 0% used [0x00000000eab00000,0x00000000eab00000,0x00000000f3480000)
  from space 16896K, 99% used [0x00000000f4b80000,0x00000000f5bfa0c0,0x00000000f5c00000)
  to   space 23552K, 0% used [0x00000000f3480000,0x00000000f3480000,0x00000000f4b80000)
 ParOldGen       total 49152K, used 29031K [0x00000000c0000000, 0x00000000c3000000, 0x00000000eab00000)
  object space 49152K, 59% used [0x00000000c0000000,0x00000000c1c59d90,0x00000000c3000000)
 Metaspace       used 6462K, capacity 7192K, committed 7424K, reserved 1056768K
  class space    used 620K, capacity 656K, committed 768K, reserved 1048576K
}
Event: 17.590 GC heap before
{Heap before GC invocations=7 (full 0):
 PSYoungGen      total 157696K, used 157672K [0x00000000eab00000, 0x00000000f6900000, 0x0000000100000000)
  eden space 140800K, 100% used [0x00000000eab00000,0x00000000f3480000,0x00000000f3480000)
  from space 16896K, 99% used [0x00000000f4b80000,0x00000000f5bfa0c0,0x00000000f5c00000)
  to   space 23552K, 0% used [0x00000000f3480000,0x00000000f3480000,0x00000000f4b80000)
 ParOldGen       total 49152K, used 29031K [0x00000000c0000000, 0x00000000c3000000, 0x00000000eab00000)
  object space 49152K, 59% used [0x00000000c0000000,0x00000000c1c59d90,0x00000000c3000000)
 Metaspace       used 6491K, capacity 7192K, committed 7424K, reserved 1056768K
  class space    used 620K, capacity 656K, committed 768K, reserved 1048576K
Event: 17.859 GC heap after
Heap after GC invocations=7 (full 0):
 PSYoungGen      total 157696K, used 157672K [0x00000000eab00000, 0x00000000f6900000, 0x0000000100000000)
  eden space 140800K, 100% used [0x00000000eab00000,0x00000000f3480000,0x00000000f3480000)
  from space 16896K, 99% used [0x00000000f4b80000,0x00000000f5bfa0c0,0x00000000f5c00000)
  to   space 23552K, 99% used [0x00000000f3480000,0x00000000f4b7e738,0x00000000f4b80000)
 ParOldGen       total 92160K, used 91971K [0x00000000c0000000, 0x00000000c5a00000, 0x00000000eab00000)
  object space 92160K, 99% used [0x00000000c0000000,0x00000000c59d0fa0,0x00000000c5a00000)
 Metaspace       used 6491K, capacity 7192K, committed 7424K, reserved 1056768K
  class space    used 620K, capacity 656K, committed 768K, reserved 1048576K
}
Event: 17.859 GC heap before
{Heap before GC invocations=8 (full 1):
 PSYoungGen      total 157696K, used 157672K [0x00000000eab00000, 0x00000000f6900000, 0x0000000100000000)
  eden space 140800K, 100% used [0x00000000eab00000,0x00000000f3480000,0x00000000f3480000)
  from space 16896K, 99% used [0x00000000f4b80000,0x00000000f5bfa0c0,0x00000000f5c00000)
  to   space 23552K, 99% used [0x00000000f3480000,0x00000000f4b7e738,0x00000000f4b80000)
 ParOldGen       total 92160K, used 91971K [0x00000000c0000000, 0x00000000c5a00000, 0x00000000eab00000)
  object space 92160K, 99% used [0x00000000c0000000,0x00000000c59d0fa0,0x00000000c5a00000)
 Metaspace       used 6491K, capacity 7192K, committed 7424K, reserved 1056768K
  class space    used 620K, capacity 656K, committed 768K, reserved 1048576K
Event: 19.581 GC heap after
Heap after GC invocations=8 (full 1):
 PSYoungGen      total 157696K, used 0K [0x00000000eab00000, 0x00000000f6900000, 0x0000000100000000)
  eden space 140800K, 0% used [0x00000000eab00000,0x00000000eab00000,0x00000000f3480000)
  from space 16896K, 0% used [0x00000000f4b80000,0x00000000f4b80000,0x00000000f5c00000)
  to   space 23552K, 65% used [0x00000000f3480000,0x00000000f43a4440,0x00000000f4b80000)
 ParOldGen       total 132096K, used 92053K [0x00000000c0000000, 0x00000000c8100000, 0x00000000eab00000)
  object space 132096K, 69% used [0x00000000c0000000,0x00000000c59e5770,0x00000000c8100000)
 Metaspace       used 6491K, capacity 7192K, committed 7424K, reserved 1056768K
  class space    used 620K, capacity 656K, committed 768K, reserved 1048576K
}
Event: 20.250 GC heap before
{Heap before GC invocations=9 (full 2):
 PSYoungGen      total 157696K, used 140800K [0x00000000eab00000, 0x00000000f6900000, 0x0000000100000000)
  eden space 140800K, 100% used [0x00000000eab00000,0x00000000f3480000,0x00000000f3480000)
  from space 16896K, 0% used [0x00000000f4b80000,0x00000000f4b80000,0x00000000f5c00000)
  to   space 23552K, 65% used [0x00000000f3480000,0x00000000f43a4440,0x00000000f4b80000)
 ParOldGen       total 132096K, used 92053K [0x00000000c0000000, 0x00000000c8100000, 0x00000000eab00000)
  object space 132096K, 69% used [0x00000000c0000000,0x00000000c59e5770,0x00000000c8100000)
 Metaspace       used 6492K, capacity 7192K, committed 7424K, reserved 1056768K
  class space    used 620K, capacity 656K, committed 768K, reserved 1048576K
Event: 26.976 GC heap after
Heap after GC invocations=9 (full 2):
 PSYoungGen      total 157696K, used 54167K [0x00000000eab00000, 0x00000000f6900000, 0x0000000100000000)
  eden space 140800K, 38% used [0x00000000eab00000,0x00000000edfe5ed0,0x00000000f3480000)
  from space 16896K, 0% used [0x00000000f4b80000,0x00000000f4b80000,0x00000000f5c00000)
  to   space 23552K, 0% used [0x00000000f3480000,0x00000000f3480000,0x00000000f4b80000)
 ParOldGen       total 197120K, used 131968K [0x00000000c0000000, 0x00000000cc080000, 0x00000000eab00000)
  object space 197120K, 66% used [0x00000000c0000000,0x00000000c80e0280,0x00000000cc080000)
 Metaspace       used 6492K, capacity 7192K, committed 7424K, reserved 1056768K
  class space    used 620K, capacity 656K, committed 768K, reserved 1048576K
}

