# JRE version: Java(TM) SE Runtime Environment (8.0_91-b14) (build 1.8.0_91-b14)
# Java VM: Java HotSpot(TM) 64-Bit Server VM (25.91-b14 mixed mode windows-amd64 compressed oops)
Heap:
 PSYoungGen      total 164352K, used 11793K [0x00000000eab00000, 0x00000000f6200000, 0x0000000100000000)
  eden space 144384K, 1% used [0x00000000eab00000,0x00000000ead187b8,0x00000000f3800000)
  from space 19968K, 48% used [0x00000000f3800000,0x00000000f416be20,0x00000000f4b80000)
  to   space 16896K, 0% used [0x00000000f4b80000,0x00000000f4b80000,0x00000000f5c00000)
 ParOldGen       total 49152K, used 48862K [0x00000000c0000000, 0x00000000c3000000, 0x00000000eab00000)
  object space 49152K, 99% used [0x00000000c0000000,0x00000000c2fb7850,0x00000000c3000000)
 Metaspace       used 6558K, capacity 7256K, committed 7424K, reserved 1056768K
  class space    used 624K, capacity 656K, committed 768K, reserved 1048576K
GC Heap History (10 events):
Event: 9.479 GC heap before
{Heap before GC invocations=4 (full 0):
 PSYoungGen      total 39936K, used 39924K [0x00000000eab00000, 0x00000000ef900000, 0x0000000100000000)
  eden space 36864K, 100% used [0x00000000eab00000,0x00000000ecf00000,0x00000000ecf00000)
  from space 3072K, 99% used [0x00000000ecf00000,0x00000000ed1fd140,0x00000000ed200000)
  to   space 3072K, 0% used [0x00000000ef600000,0x00000000ef600000,0x00000000ef900000)
 ParOldGen       total 49152K, used 8657K [0x00000000c0000000, 0x00000000c3000000, 0x00000000eab00000)
  object space 49152K, 17% used [0x00000000c0000000,0x00000000c08744a8,0x00000000c3000000)
 Metaspace       used 6250K, capacity 7090K, committed 7296K, reserved 1056768K
  class space    used 604K, capacity 618K, committed 640K, reserved 1048576K
Event: 9.633 GC heap after
Heap after GC invocations=4 (full 0):
 PSYoungGen      total 76800K, used 3056K [0x00000000eab00000, 0x00000000ef900000, 0x0000000100000000)
  eden space 73728K, 0% used [0x00000000eab00000,0x00000000eab00000,0x00000000ef300000)
  from space 3072K, 99% used [0x00000000ef600000,0x00000000ef8fc3e0,0x00000000ef900000)
  to   space 3072K, 0% used [0x00000000ef300000,0x00000000ef300000,0x00000000ef600000)
 ParOldGen       total 49152K, used 14416K [0x00000000c0000000, 0x00000000c3000000, 0x00000000eab00000)
  object space 49152K, 29% used [0x00000000c0000000,0x00000000c0e140e0,0x00000000c3000000)
 Metaspace       used 6250K, capacity 7090K, committed 7296K, reserved 1056768K
  class space    used 604K, capacity 618K, committed 640K, reserved 1048576K
}
Event: 11.442 GC heap before
{Heap before GC invocations=5 (full 0):
 PSYoungGen      total 76800K, used 76784K [0x00000000eab00000, 0x00000000ef900000, 0x0000000100000000)
  eden space 73728K, 100% used [0x00000000eab00000,0x00000000ef300000,0x00000000ef300000)
  from space 3072K, 99% used [0x00000000ef600000,0x00000000ef8fc3e0,0x00000000ef900000)
  to   space 3072K, 0% used [0x00000000ef300000,0x00000000ef300000,0x00000000ef600000)
 ParOldGen       total 49152K, used 14416K [0x00000000c0000000, 0x00000000c3000000, 0x00000000eab00000)
  object space 49152K, 29% used [0x00000000c0000000,0x00000000c0e140e0,0x00000000c3000000)
 Metaspace       used 6343K, capacity 7154K, committed 7296K, reserved 1056768K
  class space    used 604K, capacity 618K, committed 640K, reserved 1048576K
Event: 11.525 GC heap after
Heap after GC invocations=5 (full 0):
 PSYoungGen      total 76800K, used 3057K [0x00000000eab00000, 0x00000000f5c00000, 0x0000000100000000)
  eden space 73728K, 0% used [0x00000000eab00000,0x00000000eab00000,0x00000000ef300000)
  from space 3072K, 99% used [0x00000000ef300000,0x00000000ef5fc5e8,0x00000000ef600000)
  to   space 16896K, 0% used [0x00000000f4b80000,0x00000000f4b80000,0x00000000f5c00000)
 ParOldGen       total 49152K, used 26236K [0x00000000c0000000, 0x00000000c3000000, 0x00000000eab00000)
  object space 49152K, 53% used [0x00000000c0000000,0x00000000c199f188,0x00000000c3000000)
 Metaspace       used 6343K, capacity 7154K, committed 7296K, reserved 1056768K
  class space    used 604K, capacity 618K, committed 640K, reserved 1048576K
}
Event: 12.327 GC heap before
{Heap before GC invocations=6 (full 0):
 PSYoungGen      total 76800K, used 76785K [0x00000000eab00000, 0x00000000f5c00000, 0x0000000100000000)
  eden space 73728K, 100% used [0x00000000eab00000,0x00000000ef300000,0x00000000ef300000)
  from space 3072K, 99% used [0x00000000ef300000,0x00000000ef5fc5e8,0x00000000ef600000)
  to   space 16896K, 0% used [0x00000000f4b80000,0x00000000f4b80000,0x00000000f5c00000)
 ParOldGen       total 49152K, used 26236K [0x00000000c0000000, 0x00000000c3000000, 0x00000000eab00000)
  object space 49152K, 53% used [0x00000000c0000000,0x00000000c199f188,0x00000000c3000000)
 Metaspace       used 6414K, capacity 7218K, committed 7296K, reserved 1056768K
  class space    used 604K, capacity 618K, committed 640K, reserved 1048576K
Event: 12.410 GC heap after
Heap after GC invocations=6 (full 0):
 PSYoungGen      total 161280K, used 15456K [0x00000000eab00000, 0x00000000f6200000, 0x0000000100000000)
  eden space 144384K, 0% used [0x00000000eab00000,0x00000000eab00000,0x00000000f3800000)
  from space 16896K, 91% used [0x00000000f4b80000,0x00000000f5a98098,0x00000000f5c00000)
  to   space 19968K, 0% used [0x00000000f3800000,0x00000000f3800000,0x00000000f4b80000)
 ParOldGen       total 49152K, used 26236K [0x00000000c0000000, 0x00000000c3000000, 0x00000000eab00000)
  object space 49152K, 53% used [0x00000000c0000000,0x00000000c199f188,0x00000000c3000000)
 Metaspace       used 6414K, capacity 7218K, committed 7296K, reserved 1056768K
  class space    used 604K, capacity 618K, committed 640K, reserved 1048576K
}
Event: 14.695 GC heap before
{Heap before GC invocations=7 (full 0):
 PSYoungGen      total 161280K, used 159840K [0x00000000eab00000, 0x00000000f6200000, 0x0000000100000000)
  eden space 144384K, 100% used [0x00000000eab00000,0x00000000f3800000,0x00000000f3800000)
  from space 16896K, 91% used [0x00000000f4b80000,0x00000000f5a98098,0x00000000f5c00000)
  to   space 19968K, 0% used [0x00000000f3800000,0x00000000f3800000,0x00000000f4b80000)
 ParOldGen       total 49152K, used 26236K [0x00000000c0000000, 0x00000000c3000000, 0x00000000eab00000)
  object space 49152K, 53% used [0x00000000c0000000,0x00000000c199f188,0x00000000c3000000)
 Metaspace       used 6557K, capacity 7256K, committed 7424K, reserved 1056768K
  class space    used 624K, capacity 656K, committed 768K, reserved 1048576K
Event: 15.145 GC heap after
Heap after GC invocations=7 (full 0):
 PSYoungGen      total 164352K, used 19966K [0x00000000eab00000, 0x00000000f6200000, 0x0000000100000000)
  eden space 144384K, 0% used [0x00000000eab00000,0x00000000eab00000,0x00000000f3800000)
  from space 19968K, 99% used [0x00000000f3800000,0x00000000f4b7f970,0x00000000f4b80000)
  to   space 16896K, 0% used [0x00000000f4b80000,0x00000000f4b80000,0x00000000f5c00000)
 ParOldGen       total 49152K, used 42702K [0x00000000c0000000, 0x00000000c3000000, 0x00000000eab00000)
  object space 49152K, 86% used [0x00000000c0000000,0x00000000c29b3b98,0x00000000c3000000)
 Metaspace       used 6557K, capacity 7256K, committed 7424K, reserved 1056768K
  class space    used 624K, capacity 656K, committed 768K, reserved 1048576K
}
Event: 15.145 GC heap before
{Heap before GC invocations=8 (full 1):
 PSYoungGen      total 164352K, used 19966K [0x00000000eab00000, 0x00000000f6200000, 0x0000000100000000)
  eden space 144384K, 0% used [0x00000000eab00000,0x00000000eab00000,0x00000000f3800000)
  from space 19968K, 99% used [0x00000000f3800000,0x00000000f4b7f970,0x00000000f4b80000)
  to   space 16896K, 0% used [0x00000000f4b80000,0x00000000f4b80000,0x00000000f5c00000)
 ParOldGen       total 49152K, used 42702K [0x00000000c0000000, 0x00000000c3000000, 0x00000000eab00000)
  object space 49152K, 86% used [0x00000000c0000000,0x00000000c29b3b98,0x00000000c3000000)
 Metaspace       used 6557K, capacity 7256K, committed 7424K, reserved 1056768K
  class space    used 624K, capacity 656K, committed 768K, reserved 1048576K
Event: 19.262 GC heap after
Heap after GC invocations=8 (full 1):
 PSYoungGen      total 164352K, used 9647K [0x00000000eab00000, 0x00000000f6200000, 0x0000000100000000)
  eden space 144384K, 0% used [0x00000000eab00000,0x00000000eab00000,0x00000000f3800000)
  from space 19968K, 48% used [0x00000000f3800000,0x00000000f416be20,0x00000000f4b80000)
  to   space 16896K, 0% used [0x00000000f4b80000,0x00000000f4b80000,0x00000000f5c00000)
 ParOldGen       total 49152K, used 48862K [0x00000000c0000000, 0x00000000c3000000, 0x00000000eab00000)
  object space 49152K, 99% used [0x00000000c0000000,0x00000000c2fb7850,0x00000000c3000000)
 Metaspace       used 6557K, capacity 7256K, committed 7424K, reserved 1056768K
  class space    used 624K, capacity 656K, committed 768K, reserved 1048576K
}

