# JRE version: Java(TM) SE Runtime Environment (8.0_91-b14) (build 1.8.0_91-b14)
# Java VM: Java HotSpot(TM) 64-Bit Server VM (25.91-b14 mixed mode windows-amd64 compressed oops)
Heap:
 PSYoungGen      total 21504K, used 8480K [0x00000000eab00000, 0x00000000ed500000, 0x0000000100000000)
  eden space 18432K, 29% used [0x00000000eab00000,0x00000000eb04c0c8,0x00000000ebd00000)
  from space 3072K, 99% used [0x00000000ebd00000,0x00000000ebffc038,0x00000000ec000000)
  to   space 3072K, 0% used [0x00000000ed200000,0x00000000ed200000,0x00000000ed500000)
 ParOldGen       total 49152K, used 7071K [0x00000000c0000000, 0x00000000c3000000, 0x00000000eab00000)
  object space 49152K, 14% used [0x00000000c0000000,0x00000000c06e7c28,0x00000000c3000000)
 Metaspace       used 6169K, capacity 7028K, committed 7296K, reserved 1056768K
  class space    used 598K, capacity 620K, committed 640K, reserved 1048576K
GC Heap History (6 events):
Event: 5.593 GC heap before
{Heap before GC invocations=1 (full 0):
 PSYoungGen      total 21504K, used 18432K [0x00000000eab00000, 0x00000000ec300000, 0x0000000100000000)
  eden space 18432K, 100% used [0x00000000eab00000,0x00000000ebd00000,0x00000000ebd00000)
  from space 3072K, 0% used [0x00000000ec000000,0x00000000ec000000,0x00000000ec300000)
  to   space 3072K, 0% used [0x00000000ebd00000,0x00000000ebd00000,0x00000000ec000000)
 ParOldGen       total 49152K, used 0K [0x00000000c0000000, 0x00000000c3000000, 0x00000000eab00000)
  object space 49152K, 0% used [0x00000000c0000000,0x00000000c0000000,0x00000000c3000000)
 Metaspace       used 5829K, capacity 6772K, committed 7040K, reserved 1056768K
  class space    used 596K, capacity 620K, committed 640K, reserved 1048576K
Event: 5.648 GC heap after
Heap after GC invocations=1 (full 0):
 PSYoungGen      total 21504K, used 3050K [0x00000000eab00000, 0x00000000ec300000, 0x0000000100000000)
  eden space 18432K, 0% used [0x00000000eab00000,0x00000000eab00000,0x00000000ebd00000)
  from space 3072K, 99% used [0x00000000ebd00000,0x00000000ebffaaa8,0x00000000ec000000)
  to   space 3072K, 0% used [0x00000000ec000000,0x00000000ec000000,0x00000000ec300000)
 ParOldGen       total 49152K, used 1347K [0x00000000c0000000, 0x00000000c3000000, 0x00000000eab00000)
  object space 49152K, 2% used [0x00000000c0000000,0x00000000c0150d28,0x00000000c3000000)
 Metaspace       used 5829K, capacity 6772K, committed 7040K, reserved 1056768K
  class space    used 596K, capacity 620K, committed 640K, reserved 1048576K
}
Event: 6.958 GC heap before
{Heap before GC invocations=2 (full 0):
 PSYoungGen      total 21504K, used 21482K [0x00000000eab00000, 0x00000000ec300000, 0x0000000100000000)
  eden space 18432K, 100% used [0x00000000eab00000,0x00000000ebd00000,0x00000000ebd00000)
  from space 3072K, 99% used [0x00000000ebd00000,0x00000000ebffaaa8,0x00000000ec000000)
  to   space 3072K, 0% used [0x00000000ec000000,0x00000000ec000000,0x00000000ec300000)
 ParOldGen       total 49152K, used 1347K [0x00000000c0000000, 0x00000000c3000000, 0x00000000eab00000)
  object space 49152K, 2% used [0x00000000c0000000,0x00000000c0150d28,0x00000000c3000000)
 Metaspace       used 6048K, capacity 6964K, committed 7040K, reserved 1056768K
  class space    used 597K, capacity 620K, committed 640K, reserved 1048576K
Event: 7.097 GC heap after
Heap after GC invocations=2 (full 0):
 PSYoungGen      total 21504K, used 3040K [0x00000000eab00000, 0x00000000ec300000, 0x0000000100000000)
  eden space 18432K, 0% used [0x00000000eab00000,0x00000000eab00000,0x00000000ebd00000)
  from space 3072K, 98% used [0x00000000ec000000,0x00000000ec2f8028,0x00000000ec300000)
  to   space 3072K, 0% used [0x00000000ebd00000,0x00000000ebd00000,0x00000000ec000000)
 ParOldGen       total 49152K, used 4012K [0x00000000c0000000, 0x00000000c3000000, 0x00000000eab00000)
  object space 49152K, 8% used [0x00000000c0000000,0x00000000c03eb070,0x00000000c3000000)
 Metaspace       used 6048K, capacity 6964K, committed 7040K, reserved 1056768K
  class space    used 597K, capacity 620K, committed 640K, reserved 1048576K
}
Event: 7.812 GC heap before
{Heap before GC invocations=3 (full 0):
 PSYoungGen      total 21504K, used 21472K [0x00000000eab00000, 0x00000000ec300000, 0x0000000100000000)
  eden space 18432K, 100% used [0x00000000eab00000,0x00000000ebd00000,0x00000000ebd00000)
  from space 3072K, 98% used [0x00000000ec000000,0x00000000ec2f8028,0x00000000ec300000)
  to   space 3072K, 0% used [0x00000000ebd00000,0x00000000ebd00000,0x00000000ec000000)
 ParOldGen       total 49152K, used 4012K [0x00000000c0000000, 0x00000000c3000000, 0x00000000eab00000)
  object space 49152K, 8% used [0x00000000c0000000,0x00000000c03eb070,0x00000000c3000000)
 Metaspace       used 6144K, capacity 7028K, committed 7296K, reserved 1056768K
  class space    used 598K, capacity 620K, committed 640K, reserved 1048576K
Event: 7.883 GC heap after
Heap after GC invocations=3 (full 0):
 PSYoungGen      total 21504K, used 3056K [0x00000000eab00000, 0x00000000ed500000, 0x0000000100000000)
  eden space 18432K, 0% used [0x00000000eab00000,0x00000000eab00000,0x00000000ebd00000)
  from space 3072K, 99% used [0x00000000ebd00000,0x00000000ebffc038,0x00000000ec000000)
  to   space 3072K, 0% used [0x00000000ed200000,0x00000000ed200000,0x00000000ed500000)
 ParOldGen       total 49152K, used 7071K [0x00000000c0000000, 0x00000000c3000000, 0x00000000eab00000)
  object space 49152K, 14% used [0x00000000c0000000,0x00000000c06e7c28,0x00000000c3000000)
 Metaspace       used 6144K, capacity 7028K, committed 7296K, reserved 1056768K
  class space    used 598K, capacity 620K, committed 640K, reserved 1048576K
}

