# JRE version: Java(TM) SE Runtime Environment (8.0_91-b14) (build 1.8.0_91-b14)
# Java VM: Java HotSpot(TM) 64-Bit Server VM (25.91-b14 mixed mode windows-amd64 compressed oops)
Heap:
 PSYoungGen      total 191488K, used 127610K [0x00000000eab00000, 0x00000000fbc00000, 0x0000000100000000)
  eden space 123904K, 48% used [0x00000000eab00000,0x00000000ee5a0130,0x00000000f2400000)
  from space 67584K, 99% used [0x00000000f7a00000,0x00000000fbbfe7d8,0x00000000fbc00000)
  to   space 39424K, 0% used [0x00000000f2400000,0x00000000f2400000,0x00000000f4a80000)
 ParOldGen       total 219648K, used 137481K [0x00000000c0000000, 0x00000000cd680000, 0x00000000eab00000)
  object space 219648K, 62% used [0x00000000c0000000,0x00000000c86427f8,0x00000000cd680000)
 Metaspace       used 6485K, capacity 7192K, committed 7424K, reserved 1056768K
  class space    used 622K, capacity 656K, committed 768K, reserved 1048576K
GC Heap History (10 events):
Event: 14.403 GC heap before
{Heap before GC invocations=8 (full 0):
 PSYoungGen      total 84480K, used 84451K [0x00000000eab00000, 0x00000000f5c00000, 0x0000000100000000)
  eden space 72704K, 100% used [0x00000000eab00000,0x00000000ef200000,0x00000000ef200000)
  from space 11776K, 99% used [0x00000000ef200000,0x00000000efd78f98,0x00000000efd80000)
  to   space 17920K, 0% used [0x00000000f4a80000,0x00000000f4a80000,0x00000000f5c00000)
 ParOldGen       total 49152K, used 21305K [0x00000000c0000000, 0x00000000c3000000, 0x00000000eab00000)
  object space 49152K, 43% used [0x00000000c0000000,0x00000000c14ce4d0,0x00000000c3000000)
 Metaspace       used 6476K, capacity 7192K, committed 7424K, reserved 1056768K
  class space    used 620K, capacity 656K, committed 768K, reserved 1048576K
Event: 14.650 GC heap after
Heap after GC invocations=8 (full 0):
 PSYoungGen      total 141824K, used 17918K [0x00000000eab00000, 0x00000000f8600000, 0x0000000100000000)
  eden space 123904K, 0% used [0x00000000eab00000,0x00000000eab00000,0x00000000f2400000)
  from space 17920K, 99% used [0x00000000f4a80000,0x00000000f5bffb48,0x00000000f5c00000)
  to   space 39424K, 0% used [0x00000000f2400000,0x00000000f2400000,0x00000000f4a80000)
 ParOldGen       total 62976K, used 62321K [0x00000000c0000000, 0x00000000c3d80000, 0x00000000eab00000)
  object space 62976K, 98% used [0x00000000c0000000,0x00000000c3cdc588,0x00000000c3d80000)
 Metaspace       used 6476K, capacity 7192K, committed 7424K, reserved 1056768K
  class space    used 620K, capacity 656K, committed 768K, reserved 1048576K
}
Event: 14.650 GC heap before
{Heap before GC invocations=9 (full 1):
 PSYoungGen      total 141824K, used 17918K [0x00000000eab00000, 0x00000000f8600000, 0x0000000100000000)
  eden space 123904K, 0% used [0x00000000eab00000,0x00000000eab00000,0x00000000f2400000)
  from space 17920K, 99% used [0x00000000f4a80000,0x00000000f5bffb48,0x00000000f5c00000)
  to   space 39424K, 0% used [0x00000000f2400000,0x00000000f2400000,0x00000000f4a80000)
 ParOldGen       total 62976K, used 62321K [0x00000000c0000000, 0x00000000c3d80000, 0x00000000eab00000)
  object space 62976K, 98% used [0x00000000c0000000,0x00000000c3cdc588,0x00000000c3d80000)
 Metaspace       used 6476K, capacity 7192K, committed 7424K, reserved 1056768K
  class space    used 620K, capacity 656K, committed 768K, reserved 1048576K
Event: 18.038 GC heap after
Heap after GC invocations=9 (full 1):
 PSYoungGen      total 141824K, used 13250K [0x00000000eab00000, 0x00000000f8600000, 0x0000000100000000)
  eden space 123904K, 0% used [0x00000000eab00000,0x00000000eab00000,0x00000000f2400000)
  from space 17920K, 73% used [0x00000000f4a80000,0x00000000f5770b90,0x00000000f5c00000)
  to   space 39424K, 0% used [0x00000000f2400000,0x00000000f2400000,0x00000000f4a80000)
 ParOldGen       total 119296K, used 62623K [0x00000000c0000000, 0x00000000c7480000, 0x00000000eab00000)
  object space 119296K, 52% used [0x00000000c0000000,0x00000000c3d27dd8,0x00000000c7480000)
 Metaspace       used 6476K, capacity 7192K, committed 7424K, reserved 1056768K
  class space    used 620K, capacity 656K, committed 768K, reserved 1048576K
}
Event: 19.143 GC heap before
{Heap before GC invocations=10 (full 1):
 PSYoungGen      total 141824K, used 137154K [0x00000000eab00000, 0x00000000f8600000, 0x0000000100000000)
  eden space 123904K, 100% used [0x00000000eab00000,0x00000000f2400000,0x00000000f2400000)
  from space 17920K, 73% used [0x00000000f4a80000,0x00000000f5770b90,0x00000000f5c00000)
  to   space 39424K, 0% used [0x00000000f2400000,0x00000000f2400000,0x00000000f4a80000)
 ParOldGen       total 119296K, used 62623K [0x00000000c0000000, 0x00000000c7480000, 0x00000000eab00000)
  object space 119296K, 52% used [0x00000000c0000000,0x00000000c3d27dd8,0x00000000c7480000)
 Metaspace       used 6476K, capacity 7192K, committed 7424K, reserved 1056768K
  class space    used 620K, capacity 656K, committed 768K, reserved 1048576K
Event: 19.480 GC heap after
Heap after GC invocations=10 (full 1):
 PSYoungGen      total 163328K, used 39410K [0x00000000eab00000, 0x00000000fbc00000, 0x0000000100000000)
  eden space 123904K, 0% used [0x00000000eab00000,0x00000000eab00000,0x00000000f2400000)
  from space 39424K, 99% used [0x00000000f2400000,0x00000000f4a7ca18,0x00000000f4a80000)
  to   space 67584K, 0% used [0x00000000f7a00000,0x00000000f7a00000,0x00000000fbc00000)
 ParOldGen       total 119296K, used 113842K [0x00000000c0000000, 0x00000000c7480000, 0x00000000eab00000)
  object space 119296K, 95% used [0x00000000c0000000,0x00000000c6f2c848,0x00000000c7480000)
 Metaspace       used 6476K, capacity 7192K, committed 7424K, reserved 1056768K
  class space    used 620K, capacity 656K, committed 768K, reserved 1048576K
}
Event: 19.480 GC heap before
{Heap before GC invocations=11 (full 2):
 PSYoungGen      total 163328K, used 39410K [0x00000000eab00000, 0x00000000fbc00000, 0x0000000100000000)
  eden space 123904K, 0% used [0x00000000eab00000,0x00000000eab00000,0x00000000f2400000)
  from space 39424K, 99% used [0x00000000f2400000,0x00000000f4a7ca18,0x00000000f4a80000)
  to   space 67584K, 0% used [0x00000000f7a00000,0x00000000f7a00000,0x00000000fbc00000)
 ParOldGen       total 119296K, used 113842K [0x00000000c0000000, 0x00000000c7480000, 0x00000000eab00000)
  object space 119296K, 95% used [0x00000000c0000000,0x00000000c6f2c848,0x00000000c7480000)
 Metaspace       used 6476K, capacity 7192K, committed 7424K, reserved 1056768K
  class space    used 620K, capacity 656K, committed 768K, reserved 1048576K
Event: 21.448 GC heap after
Heap after GC invocations=11 (full 2):
 PSYoungGen      total 163328K, used 27503K [0x00000000eab00000, 0x00000000fbc00000, 0x0000000100000000)
  eden space 123904K, 0% used [0x00000000eab00000,0x00000000eab00000,0x00000000f2400000)
  from space 39424K, 69% used [0x00000000f2400000,0x00000000f3edbe80,0x00000000f4a80000)
  to   space 67584K, 0% used [0x00000000f7a00000,0x00000000f7a00000,0x00000000fbc00000)
 ParOldGen       total 219648K, used 119167K [0x00000000c0000000, 0x00000000cd680000, 0x00000000eab00000)
  object space 219648K, 54% used [0x00000000c0000000,0x00000000c745fed8,0x00000000cd680000)
 Metaspace       used 6476K, capacity 7192K, committed 7424K, reserved 1056768K
  class space    used 620K, capacity 656K, committed 768K, reserved 1048576K
}
Event: 22.631 GC heap before
{Heap before GC invocations=12 (full 2):
 PSYoungGen      total 163328K, used 151407K [0x00000000eab00000, 0x00000000fbc00000, 0x0000000100000000)
  eden space 123904K, 100% used [0x00000000eab00000,0x00000000f2400000,0x00000000f2400000)
  from space 39424K, 69% used [0x00000000f2400000,0x00000000f3edbe80,0x00000000f4a80000)
  to   space 67584K, 0% used [0x00000000f7a00000,0x00000000f7a00000,0x00000000fbc00000)
 ParOldGen       total 219648K, used 119167K [0x00000000c0000000, 0x00000000cd680000, 0x00000000eab00000)
  object space 219648K, 54% used [0x00000000c0000000,0x00000000c745fed8,0x00000000cd680000)
 Metaspace       used 6485K, capacity 7192K, committed 7424K, reserved 1056768K
  class space    used 622K, capacity 656K, committed 768K, reserved 1048576K
Event: 22.946 GC heap after
Heap after GC invocations=12 (full 2):
 PSYoungGen      total 191488K, used 67577K [0x00000000eab00000, 0x00000000fbc00000, 0x0000000100000000)
  eden space 123904K, 0% used [0x00000000eab00000,0x00000000eab00000,0x00000000f2400000)
  from space 67584K, 99% used [0x00000000f7a00000,0x00000000fbbfe7d8,0x00000000fbc00000)
  to   space 39424K, 0% used [0x00000000f2400000,0x00000000f2400000,0x00000000f4a80000)
 ParOldGen       total 219648K, used 137481K [0x00000000c0000000, 0x00000000cd680000, 0x00000000eab00000)
  object space 219648K, 62% used [0x00000000c0000000,0x00000000c86427f8,0x00000000cd680000)
 Metaspace       used 6485K, capacity 7192K, committed 7424K, reserved 1056768K
  class space    used 622K, capacity 656K, committed 768K, reserved 1048576K
}

