# JRE version: Java(TM) SE Runtime Environment (8.0_91-b14) (build 1.8.0_91-b14)
# Java VM: Java HotSpot(TM) 64-Bit Server VM (25.91-b14 mixed mode windows-amd64 compressed oops)
Heap:
 PSYoungGen      total 21504K, used 17565K [0x00000000eab00000, 0x00000000ed500000, 0x0000000100000000)
  eden space 18432K, 78% used [0x00000000eab00000,0x00000000eb92d8d0,0x00000000ebd00000)
  from space 3072K, 99% used [0x00000000ebd00000,0x00000000ebff9b30,0x00000000ec000000)
  to   space 3072K, 0% used [0x00000000ed200000,0x00000000ed200000,0x00000000ed500000)
 ParOldGen       total 49152K, used 5952K [0x00000000c0000000, 0x00000000c3000000, 0x00000000eab00000)
  object space 49152K, 12% used [0x00000000c0000000,0x00000000c05d0298,0x00000000c3000000)
 Metaspace       used 6256K, capacity 7090K, committed 7296K, reserved 1056768K
  class space    used 604K, capacity 618K, committed 640K, reserved 1048576K
GC Heap History (6 events):
Event: 5.007 GC heap before
{Heap before GC invocations=1 (full 0):
 PSYoungGen      total 21504K, used 18432K [0x00000000eab00000, 0x00000000ec300000, 0x0000000100000000)
  eden space 18432K, 100% used [0x00000000eab00000,0x00000000ebd00000,0x00000000ebd00000)
  from space 3072K, 0% used [0x00000000ec000000,0x00000000ec000000,0x00000000ec300000)
  to   space 3072K, 0% used [0x00000000ebd00000,0x00000000ebd00000,0x00000000ec000000)
 ParOldGen       total 49152K, used 0K [0x00000000c0000000, 0x00000000c3000000, 0x00000000eab00000)
  object space 49152K, 0% used [0x00000000c0000000,0x00000000c0000000,0x00000000c3000000)
 Metaspace       used 5796K, capacity 6704K, committed 6784K, reserved 1056768K
  class space    used 600K, capacity 616K, committed 640K, reserved 1048576K
Event: 5.028 GC heap after
Heap after GC invocations=1 (full 0):
 PSYoungGen      total 21504K, used 3064K [0x00000000eab00000, 0x00000000ec300000, 0x0000000100000000)
  eden space 18432K, 0% used [0x00000000eab00000,0x00000000eab00000,0x00000000ebd00000)
  from space 3072K, 99% used [0x00000000ebd00000,0x00000000ebffe0d8,0x00000000ec000000)
  to   space 3072K, 0% used [0x00000000ec000000,0x00000000ec000000,0x00000000ec300000)
 ParOldGen       total 49152K, used 838K [0x00000000c0000000, 0x00000000c3000000, 0x00000000eab00000)
  object space 49152K, 1% used [0x00000000c0000000,0x00000000c00d1948,0x00000000c3000000)
 Metaspace       used 5796K, capacity 6704K, committed 6784K, reserved 1056768K
  class space    used 600K, capacity 616K, committed 640K, reserved 1048576K
}
Event: 6.440 GC heap before
{Heap before GC invocations=2 (full 0):
 PSYoungGen      total 21504K, used 21496K [0x00000000eab00000, 0x00000000ec300000, 0x0000000100000000)
  eden space 18432K, 100% used [0x00000000eab00000,0x00000000ebd00000,0x00000000ebd00000)
  from space 3072K, 99% used [0x00000000ebd00000,0x00000000ebffe0d8,0x00000000ec000000)
  to   space 3072K, 0% used [0x00000000ec000000,0x00000000ec000000,0x00000000ec300000)
 ParOldGen       total 49152K, used 838K [0x00000000c0000000, 0x00000000c3000000, 0x00000000eab00000)
  object space 49152K, 1% used [0x00000000c0000000,0x00000000c00d1948,0x00000000c3000000)
 Metaspace       used 6110K, capacity 6962K, committed 7040K, reserved 1056768K
  class space    used 603K, capacity 618K, committed 640K, reserved 1048576K
Event: 6.454 GC heap after
Heap after GC invocations=2 (full 0):
 PSYoungGen      total 21504K, used 3048K [0x00000000eab00000, 0x00000000ec300000, 0x0000000100000000)
  eden space 18432K, 0% used [0x00000000eab00000,0x00000000eab00000,0x00000000ebd00000)
  from space 3072K, 99% used [0x00000000ec000000,0x00000000ec2fa2f8,0x00000000ec300000)
  to   space 3072K, 0% used [0x00000000ebd00000,0x00000000ebd00000,0x00000000ec000000)
 ParOldGen       total 49152K, used 2597K [0x00000000c0000000, 0x00000000c3000000, 0x00000000eab00000)
  object space 49152K, 5% used [0x00000000c0000000,0x00000000c0289758,0x00000000c3000000)
 Metaspace       used 6110K, capacity 6962K, committed 7040K, reserved 1056768K
  class space    used 603K, capacity 618K, committed 640K, reserved 1048576K
}
Event: 8.256 GC heap before
{Heap before GC invocations=3 (full 0):
 PSYoungGen      total 21504K, used 21480K [0x00000000eab00000, 0x00000000ec300000, 0x0000000100000000)
  eden space 18432K, 100% used [0x00000000eab00000,0x00000000ebd00000,0x00000000ebd00000)
  from space 3072K, 99% used [0x00000000ec000000,0x00000000ec2fa2f8,0x00000000ec300000)
  to   space 3072K, 0% used [0x00000000ebd00000,0x00000000ebd00000,0x00000000ec000000)
 ParOldGen       total 49152K, used 2597K [0x00000000c0000000, 0x00000000c3000000, 0x00000000eab00000)
  object space 49152K, 5% used [0x00000000c0000000,0x00000000c0289758,0x00000000c3000000)
 Metaspace       used 6225K, capacity 7090K, committed 7296K, reserved 1056768K
  class space    used 604K, capacity 618K, committed 640K, reserved 1048576K
Event: 9.031 GC heap after
Heap after GC invocations=3 (full 0):
 PSYoungGen      total 21504K, used 3046K [0x00000000eab00000, 0x00000000ed500000, 0x0000000100000000)
  eden space 18432K, 0% used [0x00000000eab00000,0x00000000eab00000,0x00000000ebd00000)
  from space 3072K, 99% used [0x00000000ebd00000,0x00000000ebff9b30,0x00000000ec000000)
  to   space 3072K, 0% used [0x00000000ed200000,0x00000000ed200000,0x00000000ed500000)
 ParOldGen       total 49152K, used 5952K [0x00000000c0000000, 0x00000000c3000000, 0x00000000eab00000)
  object space 49152K, 12% used [0x00000000c0000000,0x00000000c05d0298,0x00000000c3000000)
 Metaspace       used 6225K, capacity 7090K, committed 7296K, reserved 1056768K
  class space    used 604K, capacity 618K, committed 640K, reserved 1048576K
}

