# JRE version: Java(TM) SE Runtime Environment (8.0_91-b14) (build 1.8.0_91-b14)
# Java VM: Java HotSpot(TM) 64-Bit Server VM (25.91-b14 mixed mode windows-amd64 compressed oops)
Heap:
 PSYoungGen      total 225792K, used 96830K [0x00000000eab00000, 0x00000000fff00000, 0x0000000100000000)
  eden space 118272K, 31% used [0x00000000eab00000,0x00000000ecfad220,0x00000000f1e80000)
  from space 107520K, 55% used [0x00000000f1e80000,0x00000000f58628f0,0x00000000f8780000)
  to   space 107520K, 0% used [0x00000000f9600000,0x00000000f9600000,0x00000000fff00000)
 ParOldGen       total 401920K, used 221231K [0x00000000c0000000, 0x00000000d8880000, 0x00000000eab00000)
  object space 401920K, 55% used [0x00000000c0000000,0x00000000cd80bdb0,0x00000000d8880000)
 Metaspace       used 6529K, capacity 7256K, committed 7424K, reserved 1056768K
  class space    used 624K, capacity 656K, committed 768K, reserved 1048576K
GC Heap History (10 events):
Event: 45.696 GC heap before
{Heap before GC invocations=13 (full 3):
 PSYoungGen      total 264192K, used 179200K [0x00000000eab00000, 0x0000000100000000, 0x0000000100000000)
  eden space 179200K, 100% used [0x00000000eab00000,0x00000000f5a00000,0x00000000f5a00000)
  from space 84992K, 0% used [0x00000000f5a00000,0x00000000f5a00000,0x00000000fad00000)
  to   space 84992K, 0% used [0x00000000fad00000,0x00000000fad00000,0x0000000100000000)
 ParOldGen       total 221696K, used 101466K [0x00000000c0000000, 0x00000000cd880000, 0x00000000eab00000)
  object space 221696K, 45% used [0x00000000c0000000,0x00000000c6316b18,0x00000000cd880000)
 Metaspace       used 6515K, capacity 7192K, committed 7424K, reserved 1056768K
  class space    used 622K, capacity 656K, committed 768K, reserved 1048576K
Event: 45.861 GC heap after
Heap after GC invocations=13 (full 3):
 PSYoungGen      total 201728K, used 83167K [0x00000000eab00000, 0x0000000100000000, 0x0000000100000000)
  eden space 116736K, 0% used [0x00000000eab00000,0x00000000eab00000,0x00000000f1d00000)
  from space 84992K, 97% used [0x00000000fad00000,0x00000000ffe37ed8,0x0000000100000000)
  to   space 116224K, 0% used [0x00000000f1d00000,0x00000000f1d00000,0x00000000f8e80000)
 ParOldGen       total 221696K, used 101474K [0x00000000c0000000, 0x00000000cd880000, 0x00000000eab00000)
  object space 221696K, 45% used [0x00000000c0000000,0x00000000c6318b18,0x00000000cd880000)
 Metaspace       used 6515K, capacity 7192K, committed 7424K, reserved 1056768K
  class space    used 622K, capacity 656K, committed 768K, reserved 1048576K
}
Event: 46.251 GC heap before
{Heap before GC invocations=14 (full 3):
 PSYoungGen      total 201728K, used 199903K [0x00000000eab00000, 0x0000000100000000, 0x0000000100000000)
  eden space 116736K, 100% used [0x00000000eab00000,0x00000000f1d00000,0x00000000f1d00000)
  from space 84992K, 97% used [0x00000000fad00000,0x00000000ffe37ed8,0x0000000100000000)
  to   space 116224K, 0% used [0x00000000f1d00000,0x00000000f1d00000,0x00000000f8e80000)
 ParOldGen       total 221696K, used 101474K [0x00000000c0000000, 0x00000000cd880000, 0x00000000eab00000)
  object space 221696K, 45% used [0x00000000c0000000,0x00000000c6318b18,0x00000000cd880000)
 Metaspace       used 6515K, capacity 7192K, committed 7424K, reserved 1056768K
  class space    used 622K, capacity 656K, committed 768K, reserved 1048576K
Event: 46.410 GC heap after
Heap after GC invocations=14 (full 3):
 PSYoungGen      total 232960K, used 52755K [0x00000000eab00000, 0x0000000100000000, 0x0000000100000000)
  eden space 116736K, 0% used [0x00000000eab00000,0x00000000eab00000,0x00000000f1d00000)
  from space 116224K, 45% used [0x00000000f1d00000,0x00000000f5084f68,0x00000000f8e80000)
  to   space 114688K, 0% used [0x00000000f9000000,0x00000000f9000000,0x0000000100000000)
 ParOldGen       total 221696K, used 186201K [0x00000000c0000000, 0x00000000cd880000, 0x00000000eab00000)
  object space 221696K, 83% used [0x00000000c0000000,0x00000000cb5d6480,0x00000000cd880000)
 Metaspace       used 6515K, capacity 7192K, committed 7424K, reserved 1056768K
  class space    used 622K, capacity 656K, committed 768K, reserved 1048576K
}
Event: 46.410 GC heap before
{Heap before GC invocations=15 (full 4):
 PSYoungGen      total 232960K, used 52755K [0x00000000eab00000, 0x0000000100000000, 0x0000000100000000)
  eden space 116736K, 0% used [0x00000000eab00000,0x00000000eab00000,0x00000000f1d00000)
  from space 116224K, 45% used [0x00000000f1d00000,0x00000000f5084f68,0x00000000f8e80000)
  to   space 114688K, 0% used [0x00000000f9000000,0x00000000f9000000,0x0000000100000000)
 ParOldGen       total 221696K, used 186201K [0x00000000c0000000, 0x00000000cd880000, 0x00000000eab00000)
  object space 221696K, 83% used [0x00000000c0000000,0x00000000cb5d6480,0x00000000cd880000)
 Metaspace       used 6515K, capacity 7192K, committed 7424K, reserved 1056768K
  class space    used 622K, capacity 656K, committed 768K, reserved 1048576K
Event: 48.530 GC heap after
Heap after GC invocations=15 (full 4):
 PSYoungGen      total 232960K, used 5100K [0x00000000eab00000, 0x0000000100000000, 0x0000000100000000)
  eden space 116736K, 0% used [0x00000000eab00000,0x00000000eab00000,0x00000000f1d00000)
  from space 116224K, 4% used [0x00000000f1d00000,0x00000000f21fb2c0,0x00000000f8e80000)
  to   space 114688K, 0% used [0x00000000f9000000,0x00000000f9000000,0x0000000100000000)
 ParOldGen       total 401920K, used 221223K [0x00000000c0000000, 0x00000000d8880000, 0x00000000eab00000)
  object space 401920K, 55% used [0x00000000c0000000,0x00000000cd809db0,0x00000000d8880000)
 Metaspace       used 6515K, capacity 7192K, committed 7424K, reserved 1056768K
  class space    used 622K, capacity 656K, committed 768K, reserved 1048576K
}
Event: 49.363 GC heap before
{Heap before GC invocations=16 (full 4):
 PSYoungGen      total 232960K, used 121836K [0x00000000eab00000, 0x0000000100000000, 0x0000000100000000)
  eden space 116736K, 100% used [0x00000000eab00000,0x00000000f1d00000,0x00000000f1d00000)
  from space 116224K, 4% used [0x00000000f1d00000,0x00000000f21fb2c0,0x00000000f8e80000)
  to   space 114688K, 0% used [0x00000000f9000000,0x00000000f9000000,0x0000000100000000)
 ParOldGen       total 401920K, used 221223K [0x00000000c0000000, 0x00000000d8880000, 0x00000000eab00000)
  object space 401920K, 55% used [0x00000000c0000000,0x00000000cd809db0,0x00000000d8880000)
 Metaspace       used 6521K, capacity 7256K, committed 7424K, reserved 1056768K
  class space    used 622K, capacity 656K, committed 768K, reserved 1048576K
Event: 49.614 GC heap after
Heap after GC invocations=16 (full 4):
 PSYoungGen      total 217088K, used 41712K [0x00000000eab00000, 0x00000000ff080000, 0x0000000100000000)
  eden space 118272K, 0% used [0x00000000eab00000,0x00000000eab00000,0x00000000f1e80000)
  from space 98816K, 42% used [0x00000000f9000000,0x00000000fb8bc238,0x00000000ff080000)
  to   space 107520K, 0% used [0x00000000f1e80000,0x00000000f1e80000,0x00000000f8780000)
 ParOldGen       total 401920K, used 221231K [0x00000000c0000000, 0x00000000d8880000, 0x00000000eab00000)
  object space 401920K, 55% used [0x00000000c0000000,0x00000000cd80bdb0,0x00000000d8880000)
 Metaspace       used 6521K, capacity 7256K, committed 7424K, reserved 1056768K
  class space    used 622K, capacity 656K, committed 768K, reserved 1048576K
}
Event: 53.663 GC heap before
{Heap before GC invocations=17 (full 4):
 PSYoungGen      total 217088K, used 159984K [0x00000000eab00000, 0x00000000ff080000, 0x0000000100000000)
  eden space 118272K, 100% used [0x00000000eab00000,0x00000000f1e80000,0x00000000f1e80000)
  from space 98816K, 42% used [0x00000000f9000000,0x00000000fb8bc238,0x00000000ff080000)
  to   space 107520K, 0% used [0x00000000f1e80000,0x00000000f1e80000,0x00000000f8780000)
 ParOldGen       total 401920K, used 221231K [0x00000000c0000000, 0x00000000d8880000, 0x00000000eab00000)
  object space 401920K, 55% used [0x00000000c0000000,0x00000000cd80bdb0,0x00000000d8880000)
 Metaspace       used 6528K, capacity 7256K, committed 7424K, reserved 1056768K
  class space    used 624K, capacity 656K, committed 768K, reserved 1048576K
Event: 53.846 GC heap after
Heap after GC invocations=17 (full 4):
 PSYoungGen      total 225792K, used 59274K [0x00000000eab00000, 0x00000000fff00000, 0x0000000100000000)
  eden space 118272K, 0% used [0x00000000eab00000,0x00000000eab00000,0x00000000f1e80000)
  from space 107520K, 55% used [0x00000000f1e80000,0x00000000f58628f0,0x00000000f8780000)
  to   space 107520K, 0% used [0x00000000f9600000,0x00000000f9600000,0x00000000fff00000)
 ParOldGen       total 401920K, used 221231K [0x00000000c0000000, 0x00000000d8880000, 0x00000000eab00000)
  object space 401920K, 55% used [0x00000000c0000000,0x00000000cd80bdb0,0x00000000d8880000)
 Metaspace       used 6528K, capacity 7256K, committed 7424K, reserved 1056768K
  class space    used 624K, capacity 656K, committed 768K, reserved 1048576K
}

