# JRE version: Java(TM) SE Runtime Environment (8.0_91-b14) (build 1.8.0_91-b14)
# Java VM: Java HotSpot(TM) 64-Bit Server VM (25.91-b14 mixed mode windows-amd64 compressed oops)
Heap:
 PSYoungGen      total 76800K, used 21874K [0x00000000eab00000, 0x00000000f5800000, 0x0000000100000000)
  eden space 73728K, 25% used [0x00000000eab00000,0x00000000ebd63750,0x00000000ef300000)
  from space 3072K, 99% used [0x00000000ef300000,0x00000000ef5f9188,0x00000000ef600000)
  to   space 14848K, 0% used [0x00000000f4980000,0x00000000f4980000,0x00000000f5800000)
 ParOldGen       total 49152K, used 25979K [0x00000000c0000000, 0x00000000c3000000, 0x00000000eab00000)
  object space 49152K, 52% used [0x00000000c0000000,0x00000000c195ed60,0x00000000c3000000)
 Metaspace       used 6374K, capacity 7192K, committed 7424K, reserved 1056768K
  class space    used 627K, capacity 656K, committed 768K, reserved 1048576K
GC Heap History (10 events):
Event: 3.740 GC heap before
{Heap before GC invocations=1 (full 0):
 PSYoungGen      total 21504K, used 18432K [0x00000000eab00000, 0x00000000ec300000, 0x0000000100000000)
  eden space 18432K, 100% used [0x00000000eab00000,0x00000000ebd00000,0x00000000ebd00000)
  from space 3072K, 0% used [0x00000000ec000000,0x00000000ec000000,0x00000000ec300000)
  to   space 3072K, 0% used [0x00000000ebd00000,0x00000000ebd00000,0x00000000ec000000)
 ParOldGen       total 49152K, used 0K [0x00000000c0000000, 0x00000000c3000000, 0x00000000eab00000)
  object space 49152K, 0% used [0x00000000c0000000,0x00000000c0000000,0x00000000c3000000)
 Metaspace       used 5859K, capacity 6770K, committed 7040K, reserved 1056768K
  class space    used 599K, capacity 618K, committed 640K, reserved 1048576K
Event: 4.135 GC heap after
Heap after GC invocations=1 (full 0):
 PSYoungGen      total 21504K, used 3047K [0x00000000eab00000, 0x00000000ed500000, 0x0000000100000000)
  eden space 18432K, 0% used [0x00000000eab00000,0x00000000eab00000,0x00000000ebd00000)
  from space 3072K, 99% used [0x00000000ebd00000,0x00000000ebff9c68,0x00000000ec000000)
  to   space 3072K, 0% used [0x00000000ed200000,0x00000000ed200000,0x00000000ed500000)
 ParOldGen       total 49152K, used 1528K [0x00000000c0000000, 0x00000000c3000000, 0x00000000eab00000)
  object space 49152K, 3% used [0x00000000c0000000,0x00000000c017e068,0x00000000c3000000)
 Metaspace       used 5859K, capacity 6770K, committed 7040K, reserved 1056768K
  class space    used 599K, capacity 618K, committed 640K, reserved 1048576K
}
Event: 6.606 GC heap before
{Heap before GC invocations=2 (full 0):
 PSYoungGen      total 21504K, used 21479K [0x00000000eab00000, 0x00000000ed500000, 0x0000000100000000)
  eden space 18432K, 100% used [0x00000000eab00000,0x00000000ebd00000,0x00000000ebd00000)
  from space 3072K, 99% used [0x00000000ebd00000,0x00000000ebff9c68,0x00000000ec000000)
  to   space 3072K, 0% used [0x00000000ed200000,0x00000000ed200000,0x00000000ed500000)
 ParOldGen       total 49152K, used 1528K [0x00000000c0000000, 0x00000000c3000000, 0x00000000eab00000)
  object space 49152K, 3% used [0x00000000c0000000,0x00000000c017e068,0x00000000c3000000)
 Metaspace       used 6062K, capacity 6962K, committed 7040K, reserved 1056768K
  class space    used 600K, capacity 618K, committed 640K, reserved 1048576K
Event: 7.501 GC heap after
Heap after GC invocations=2 (full 0):
 PSYoungGen      total 39936K, used 3070K [0x00000000eab00000, 0x00000000ed500000, 0x0000000100000000)
  eden space 36864K, 0% used [0x00000000eab00000,0x00000000eab00000,0x00000000ecf00000)
  from space 3072K, 99% used [0x00000000ed200000,0x00000000ed4ffb60,0x00000000ed500000)
  to   space 3072K, 0% used [0x00000000ecf00000,0x00000000ecf00000,0x00000000ed200000)
 ParOldGen       total 49152K, used 3913K [0x00000000c0000000, 0x00000000c3000000, 0x00000000eab00000)
  object space 49152K, 7% used [0x00000000c0000000,0x00000000c03d2788,0x00000000c3000000)
 Metaspace       used 6062K, capacity 6962K, committed 7040K, reserved 1056768K
  class space    used 600K, capacity 618K, committed 640K, reserved 1048576K
}
Event: 11.132 GC heap before
{Heap before GC invocations=3 (full 0):
 PSYoungGen      total 39936K, used 39934K [0x00000000eab00000, 0x00000000ed500000, 0x0000000100000000)
  eden space 36864K, 100% used [0x00000000eab00000,0x00000000ecf00000,0x00000000ecf00000)
  from space 3072K, 99% used [0x00000000ed200000,0x00000000ed4ffb60,0x00000000ed500000)
  to   space 3072K, 0% used [0x00000000ecf00000,0x00000000ecf00000,0x00000000ed200000)
 ParOldGen       total 49152K, used 3913K [0x00000000c0000000, 0x00000000c3000000, 0x00000000eab00000)
  object space 49152K, 7% used [0x00000000c0000000,0x00000000c03d2788,0x00000000c3000000)
 Metaspace       used 6318K, capacity 7128K, committed 7424K, reserved 1056768K
  class space    used 625K, capacity 656K, committed 768K, reserved 1048576K
Event: 11.353 GC heap after
Heap after GC invocations=3 (full 0):
 PSYoungGen      total 39936K, used 3064K [0x00000000eab00000, 0x00000000ef900000, 0x0000000100000000)
  eden space 36864K, 0% used [0x00000000eab00000,0x00000000eab00000,0x00000000ecf00000)
  from space 3072K, 99% used [0x00000000ecf00000,0x00000000ed1fe330,0x00000000ed200000)
  to   space 3072K, 0% used [0x00000000ef600000,0x00000000ef600000,0x00000000ef900000)
 ParOldGen       total 49152K, used 9337K [0x00000000c0000000, 0x00000000c3000000, 0x00000000eab00000)
  object space 49152K, 18% used [0x00000000c0000000,0x00000000c091e570,0x00000000c3000000)
 Metaspace       used 6318K, capacity 7128K, committed 7424K, reserved 1056768K
  class space    used 625K, capacity 656K, committed 768K, reserved 1048576K
}
Event: 14.647 GC heap before
{Heap before GC invocations=4 (full 0):
 PSYoungGen      total 39936K, used 39928K [0x00000000eab00000, 0x00000000ef900000, 0x0000000100000000)
  eden space 36864K, 100% used [0x00000000eab00000,0x00000000ecf00000,0x00000000ecf00000)
  from space 3072K, 99% used [0x00000000ecf00000,0x00000000ed1fe330,0x00000000ed200000)
  to   space 3072K, 0% used [0x00000000ef600000,0x00000000ef600000,0x00000000ef900000)
 ParOldGen       total 49152K, used 9337K [0x00000000c0000000, 0x00000000c3000000, 0x00000000eab00000)
  object space 49152K, 18% used [0x00000000c0000000,0x00000000c091e570,0x00000000c3000000)
 Metaspace       used 6330K, capacity 7128K, committed 7424K, reserved 1056768K
  class space    used 625K, capacity 656K, committed 768K, reserved 1048576K
Event: 14.766 GC heap after
Heap after GC invocations=4 (full 0):
 PSYoungGen      total 76800K, used 3069K [0x00000000eab00000, 0x00000000ef900000, 0x0000000100000000)
  eden space 73728K, 0% used [0x00000000eab00000,0x00000000eab00000,0x00000000ef300000)
  from space 3072K, 99% used [0x00000000ef600000,0x00000000ef8ff728,0x00000000ef900000)
  to   space 3072K, 0% used [0x00000000ef300000,0x00000000ef300000,0x00000000ef600000)
 ParOldGen       total 49152K, used 14746K [0x00000000c0000000, 0x00000000c3000000, 0x00000000eab00000)
  object space 49152K, 30% used [0x00000000c0000000,0x00000000c0e66898,0x00000000c3000000)
 Metaspace       used 6330K, capacity 7128K, committed 7424K, reserved 1056768K
  class space    used 625K, capacity 656K, committed 768K, reserved 1048576K
}
Event: 19.968 GC heap before
{Heap before GC invocations=5 (full 0):
 PSYoungGen      total 76800K, used 76797K [0x00000000eab00000, 0x00000000ef900000, 0x0000000100000000)
  eden space 73728K, 100% used [0x00000000eab00000,0x00000000ef300000,0x00000000ef300000)
  from space 3072K, 99% used [0x00000000ef600000,0x00000000ef8ff728,0x00000000ef900000)
  to   space 3072K, 0% used [0x00000000ef300000,0x00000000ef300000,0x00000000ef600000)
 ParOldGen       total 49152K, used 14746K [0x00000000c0000000, 0x00000000c3000000, 0x00000000eab00000)
  object space 49152K, 30% used [0x00000000c0000000,0x00000000c0e66898,0x00000000c3000000)
 Metaspace       used 6373K, capacity 7192K, committed 7424K, reserved 1056768K
  class space    used 626K, capacity 656K, committed 768K, reserved 1048576K
Event: 20.433 GC heap after
Heap after GC invocations=5 (full 0):
 PSYoungGen      total 76800K, used 3044K [0x00000000eab00000, 0x00000000f5800000, 0x0000000100000000)
  eden space 73728K, 0% used [0x00000000eab00000,0x00000000eab00000,0x00000000ef300000)
  from space 3072K, 99% used [0x00000000ef300000,0x00000000ef5f9188,0x00000000ef600000)
  to   space 14848K, 0% used [0x00000000f4980000,0x00000000f4980000,0x00000000f5800000)
 ParOldGen       total 49152K, used 25979K [0x00000000c0000000, 0x00000000c3000000, 0x00000000eab00000)
  object space 49152K, 52% used [0x00000000c0000000,0x00000000c195ed60,0x00000000c3000000)
 Metaspace       used 6373K, capacity 7192K, committed 7424K, reserved 1056768K
  class space    used 626K, capacity 656K, committed 768K, reserved 1048576K
}

