# JRE version: Java(TM) SE Runtime Environment (8.0_91-b14) (build 1.8.0_91-b14)
# Java VM: Java HotSpot(TM) 64-Bit Server VM (25.91-b14 mixed mode windows-amd64 compressed oops)
Heap:
 PSYoungGen      total 39424K, used 12042K [0x00000000eab00000, 0x00000000ef800000, 0x0000000100000000)
  eden space 27648K, 2% used [0x00000000eab00000,0x00000000eabb62a0,0x00000000ec600000)
  from space 11776K, 96% used [0x00000000eec80000,0x00000000ef78c870,0x00000000ef800000)
  to   space 12288K, 0% used [0x00000000ec600000,0x00000000ec600000,0x00000000ed200000)
 ParOldGen       total 49152K, used 21852K [0x00000000c0000000, 0x00000000c3000000, 0x00000000eab00000)
  object space 49152K, 44% used [0x00000000c0000000,0x00000000c15571c8,0x00000000c3000000)
 Metaspace       used 6410K, capacity 7154K, committed 7296K, reserved 1056768K
  class space    used 598K, capacity 618K, committed 640K, reserved 1048576K
GC Heap History (10 events):
Event: 6.316 GC heap before
{Heap before GC invocations=4 (full 0):
 PSYoungGen      total 21504K, used 21479K [0x00000000eab00000, 0x00000000ed500000, 0x0000000100000000)
  eden space 18432K, 100% used [0x00000000eab00000,0x00000000ebd00000,0x00000000ebd00000)
  from space 3072K, 99% used [0x00000000ebd00000,0x00000000ebff9c60,0x00000000ec000000)
  to   space 3072K, 0% used [0x00000000ed200000,0x00000000ed200000,0x00000000ed500000)
 ParOldGen       total 49152K, used 4570K [0x00000000c0000000, 0x00000000c3000000, 0x00000000eab00000)
  object space 49152K, 9% used [0x00000000c0000000,0x00000000c0476b10,0x00000000c3000000)
 Metaspace       used 6225K, capacity 7090K, committed 7296K, reserved 1056768K
  class space    used 598K, capacity 618K, committed 640K, reserved 1048576K
Event: 6.801 GC heap after
Heap after GC invocations=4 (full 0):
 PSYoungGen      total 39936K, used 3043K [0x00000000eab00000, 0x00000000ed500000, 0x0000000100000000)
  eden space 36864K, 0% used [0x00000000eab00000,0x00000000eab00000,0x00000000ecf00000)
  from space 3072K, 99% used [0x00000000ed200000,0x00000000ed4f8ec8,0x00000000ed500000)
  to   space 3072K, 0% used [0x00000000ecf00000,0x00000000ecf00000,0x00000000ed200000)
 ParOldGen       total 49152K, used 7492K [0x00000000c0000000, 0x00000000c3000000, 0x00000000eab00000)
  object space 49152K, 15% used [0x00000000c0000000,0x00000000c0751288,0x00000000c3000000)
 Metaspace       used 6225K, capacity 7090K, committed 7296K, reserved 1056768K
  class space    used 598K, capacity 618K, committed 640K, reserved 1048576K
}
Event: 11.473 GC heap before
{Heap before GC invocations=5 (full 0):
 PSYoungGen      total 39936K, used 39907K [0x00000000eab00000, 0x00000000ed500000, 0x0000000100000000)
  eden space 36864K, 100% used [0x00000000eab00000,0x00000000ecf00000,0x00000000ecf00000)
  from space 3072K, 99% used [0x00000000ed200000,0x00000000ed4f8ec8,0x00000000ed500000)
  to   space 3072K, 0% used [0x00000000ecf00000,0x00000000ecf00000,0x00000000ed200000)
 ParOldGen       total 49152K, used 7492K [0x00000000c0000000, 0x00000000c3000000, 0x00000000eab00000)
  object space 49152K, 15% used [0x00000000c0000000,0x00000000c0751288,0x00000000c3000000)
 Metaspace       used 6281K, capacity 7090K, committed 7296K, reserved 1056768K
  class space    used 598K, capacity 618K, committed 640K, reserved 1048576K
Event: 12.653 GC heap after
Heap after GC invocations=5 (full 0):
 PSYoungGen      total 39936K, used 3043K [0x00000000eab00000, 0x00000000ed500000, 0x0000000100000000)
  eden space 36864K, 0% used [0x00000000eab00000,0x00000000eab00000,0x00000000ecf00000)
  from space 3072K, 99% used [0x00000000ecf00000,0x00000000ed1f8ee8,0x00000000ed200000)
  to   space 3072K, 0% used [0x00000000ed200000,0x00000000ed200000,0x00000000ed500000)
 ParOldGen       total 49152K, used 13908K [0x00000000c0000000, 0x00000000c3000000, 0x00000000eab00000)
  object space 49152K, 28% used [0x00000000c0000000,0x00000000c0d953a8,0x00000000c3000000)
 Metaspace       used 6281K, capacity 7090K, committed 7296K, reserved 1056768K
  class space    used 598K, capacity 618K, committed 640K, reserved 1048576K
}
Event: 14.056 GC heap before
{Heap before GC invocations=6 (full 0):
 PSYoungGen      total 39936K, used 39907K [0x00000000eab00000, 0x00000000ed500000, 0x0000000100000000)
  eden space 36864K, 100% used [0x00000000eab00000,0x00000000ecf00000,0x00000000ecf00000)
  from space 3072K, 99% used [0x00000000ecf00000,0x00000000ed1f8ee8,0x00000000ed200000)
  to   space 3072K, 0% used [0x00000000ed200000,0x00000000ed200000,0x00000000ed500000)
 ParOldGen       total 49152K, used 13908K [0x00000000c0000000, 0x00000000c3000000, 0x00000000eab00000)
  object space 49152K, 28% used [0x00000000c0000000,0x00000000c0d953a8,0x00000000c3000000)
 Metaspace       used 6313K, capacity 7090K, committed 7296K, reserved 1056768K
  class space    used 598K, capacity 618K, committed 640K, reserved 1048576K
Event: 15.185 GC heap after
Heap after GC invocations=6 (full 0):
 PSYoungGen      total 30720K, used 3040K [0x00000000eab00000, 0x00000000f0b00000, 0x0000000100000000)
  eden space 27648K, 0% used [0x00000000eab00000,0x00000000eab00000,0x00000000ec600000)
  from space 3072K, 98% used [0x00000000ed200000,0x00000000ed4f8010,0x00000000ed500000)
  to   space 12288K, 0% used [0x00000000ec600000,0x00000000ec600000,0x00000000ed200000)
 ParOldGen       total 49152K, used 20213K [0x00000000c0000000, 0x00000000c3000000, 0x00000000eab00000)
  object space 49152K, 41% used [0x00000000c0000000,0x00000000c13bd6b8,0x00000000c3000000)
 Metaspace       used 6313K, capacity 7090K, committed 7296K, reserved 1056768K
  class space    used 598K, capacity 618K, committed 640K, reserved 1048576K
}
Event: 18.757 GC heap before
{Heap before GC invocations=7 (full 0):
 PSYoungGen      total 30720K, used 30688K [0x00000000eab00000, 0x00000000f0b00000, 0x0000000100000000)
  eden space 27648K, 100% used [0x00000000eab00000,0x00000000ec600000,0x00000000ec600000)
  from space 3072K, 98% used [0x00000000ed200000,0x00000000ed4f8010,0x00000000ed500000)
  to   space 12288K, 0% used [0x00000000ec600000,0x00000000ec600000,0x00000000ed200000)
 ParOldGen       total 49152K, used 20213K [0x00000000c0000000, 0x00000000c3000000, 0x00000000eab00000)
  object space 49152K, 41% used [0x00000000c0000000,0x00000000c13bd6b8,0x00000000c3000000)
 Metaspace       used 6333K, capacity 7154K, committed 7296K, reserved 1056768K
  class space    used 598K, capacity 618K, committed 640K, reserved 1048576K
Event: 19.775 GC heap after
Heap after GC invocations=7 (full 0):
 PSYoungGen      total 39936K, used 6483K [0x00000000eab00000, 0x00000000ef800000, 0x0000000100000000)
  eden space 27648K, 0% used [0x00000000eab00000,0x00000000eab00000,0x00000000ec600000)
  from space 12288K, 52% used [0x00000000ec600000,0x00000000ecc54eb8,0x00000000ed200000)
  to   space 11776K, 0% used [0x00000000eec80000,0x00000000eec80000,0x00000000ef800000)
 ParOldGen       total 49152K, used 21082K [0x00000000c0000000, 0x00000000c3000000, 0x00000000eab00000)
  object space 49152K, 42% used [0x00000000c0000000,0x00000000c1496930,0x00000000c3000000)
 Metaspace       used 6333K, capacity 7154K, committed 7296K, reserved 1056768K
  class space    used 598K, capacity 618K, committed 640K, reserved 1048576K
}
Event: 21.644 GC heap before
{Heap before GC invocations=8 (full 0):
 PSYoungGen      total 39936K, used 34131K [0x00000000eab00000, 0x00000000ef800000, 0x0000000100000000)
  eden space 27648K, 100% used [0x00000000eab00000,0x00000000ec600000,0x00000000ec600000)
  from space 12288K, 52% used [0x00000000ec600000,0x00000000ecc54eb8,0x00000000ed200000)
  to   space 11776K, 0% used [0x00000000eec80000,0x00000000eec80000,0x00000000ef800000)
 ParOldGen       total 49152K, used 21082K [0x00000000c0000000, 0x00000000c3000000, 0x00000000eab00000)
  object space 49152K, 42% used [0x00000000c0000000,0x00000000c1496930,0x00000000c3000000)
 Metaspace       used 6405K, capacity 7154K, committed 7296K, reserved 1056768K
  class space    used 598K, capacity 618K, committed 640K, reserved 1048576K
Event: 21.731 GC heap after
Heap after GC invocations=8 (full 0):
 PSYoungGen      total 39424K, used 11314K [0x00000000eab00000, 0x00000000ef800000, 0x0000000100000000)
  eden space 27648K, 0% used [0x00000000eab00000,0x00000000eab00000,0x00000000ec600000)
  from space 11776K, 96% used [0x00000000eec80000,0x00000000ef78c870,0x00000000ef800000)
  to   space 12288K, 0% used [0x00000000ec600000,0x00000000ec600000,0x00000000ed200000)
 ParOldGen       total 49152K, used 21852K [0x00000000c0000000, 0x00000000c3000000, 0x00000000eab00000)
  object space 49152K, 44% used [0x00000000c0000000,0x00000000c15571c8,0x00000000c3000000)
 Metaspace       used 6405K, capacity 7154K, committed 7296K, reserved 1056768K
  class space    used 598K, capacity 618K, committed 640K, reserved 1048576K
}

