# JRE version: Java(TM) SE Runtime Environment (8.0_91-b14) (build 1.8.0_91-b14)
# Java VM: Java HotSpot(TM) 64-Bit Server VM (25.91-b14 mixed mode windows-amd64 compressed oops)
Heap:
 PSYoungGen      total 161792K, used 87910K [0x00000000eab00000, 0x00000000f6300000, 0x0000000100000000)
  eden space 144384K, 49% used [0x00000000eab00000,0x00000000ef0f65d8,0x00000000f3800000)
  from space 17408K, 93% used [0x00000000f4c00000,0x00000000f5be33f0,0x00000000f5d00000)
  to   space 20480K, 0% used [0x00000000f3800000,0x00000000f3800000,0x00000000f4c00000)
 ParOldGen       total 49152K, used 25800K [0x00000000c0000000, 0x00000000c3000000, 0x00000000eab00000)
  object space 49152K, 52% used [0x00000000c0000000,0x00000000c19323b0,0x00000000c3000000)
 Metaspace       used 6828K, capacity 7576K, committed 7936K, reserved 1056768K
  class space    used 622K, capacity 656K, committed 768K, reserved 1048576K
GC Heap History (10 events):
Event: 3.096 GC heap before
{Heap before GC invocations=2 (full 0):
 PSYoungGen      total 21504K, used 20228K [0x00000000eab00000, 0x00000000ed500000, 0x0000000100000000)
  eden space 18432K, 100% used [0x00000000eab00000,0x00000000ebd00000,0x00000000ebd00000)
  from space 3072K, 58% used [0x00000000ebd00000,0x00000000ebec1290,0x00000000ec000000)
  to   space 3072K, 0% used [0x00000000ed200000,0x00000000ed200000,0x00000000ed500000)
 ParOldGen       total 49152K, used 8K [0x00000000c0000000, 0x00000000c3000000, 0x00000000eab00000)
  object space 49152K, 0% used [0x00000000c0000000,0x00000000c0002000,0x00000000c3000000)
 Metaspace       used 6008K, capacity 6898K, committed 7040K, reserved 1056768K
  class space    used 598K, capacity 618K, committed 640K, reserved 1048576K
Event: 3.122 GC heap after
Heap after GC invocations=2 (full 0):
 PSYoungGen      total 39936K, used 3066K [0x00000000eab00000, 0x00000000ed500000, 0x0000000100000000)
  eden space 36864K, 0% used [0x00000000eab00000,0x00000000eab00000,0x00000000ecf00000)
  from space 3072K, 99% used [0x00000000ed200000,0x00000000ed4feaa0,0x00000000ed500000)
  to   space 3072K, 0% used [0x00000000ecf00000,0x00000000ecf00000,0x00000000ed200000)
 ParOldGen       total 49152K, used 1835K [0x00000000c0000000, 0x00000000c3000000, 0x00000000eab00000)
  object space 49152K, 3% used [0x00000000c0000000,0x00000000c01cae68,0x00000000c3000000)
 Metaspace       used 6008K, capacity 6898K, committed 7040K, reserved 1056768K
  class space    used 598K, capacity 618K, committed 640K, reserved 1048576K
}
Event: 4.831 GC heap before
{Heap before GC invocations=3 (full 0):
 PSYoungGen      total 39936K, used 39930K [0x00000000eab00000, 0x00000000ed500000, 0x0000000100000000)
  eden space 36864K, 100% used [0x00000000eab00000,0x00000000ecf00000,0x00000000ecf00000)
  from space 3072K, 99% used [0x00000000ed200000,0x00000000ed4feaa0,0x00000000ed500000)
  to   space 3072K, 0% used [0x00000000ecf00000,0x00000000ecf00000,0x00000000ed200000)
 ParOldGen       total 49152K, used 1835K [0x00000000c0000000, 0x00000000c3000000, 0x00000000eab00000)
  object space 49152K, 3% used [0x00000000c0000000,0x00000000c01cae68,0x00000000c3000000)
 Metaspace       used 6241K, capacity 7090K, committed 7296K, reserved 1056768K
  class space    used 599K, capacity 618K, committed 640K, reserved 1048576K
Event: 5.120 GC heap after
Heap after GC invocations=3 (full 0):
 PSYoungGen      total 39936K, used 3040K [0x00000000eab00000, 0x00000000ef900000, 0x0000000100000000)
  eden space 36864K, 0% used [0x00000000eab00000,0x00000000eab00000,0x00000000ecf00000)
  from space 3072K, 98% used [0x00000000ecf00000,0x00000000ed1f8030,0x00000000ed200000)
  to   space 3072K, 0% used [0x00000000ef600000,0x00000000ef600000,0x00000000ef900000)
 ParOldGen       total 49152K, used 7914K [0x00000000c0000000, 0x00000000c3000000, 0x00000000eab00000)
  object space 49152K, 16% used [0x00000000c0000000,0x00000000c07ba930,0x00000000c3000000)
 Metaspace       used 6241K, capacity 7090K, committed 7296K, reserved 1056768K
  class space    used 599K, capacity 618K, committed 640K, reserved 1048576K
}
Event: 8.188 GC heap before
{Heap before GC invocations=4 (full 0):
 PSYoungGen      total 39936K, used 39904K [0x00000000eab00000, 0x00000000ef900000, 0x0000000100000000)
  eden space 36864K, 100% used [0x00000000eab00000,0x00000000ecf00000,0x00000000ecf00000)
  from space 3072K, 98% used [0x00000000ecf00000,0x00000000ed1f8030,0x00000000ed200000)
  to   space 3072K, 0% used [0x00000000ef600000,0x00000000ef600000,0x00000000ef900000)
 ParOldGen       total 49152K, used 7914K [0x00000000c0000000, 0x00000000c3000000, 0x00000000eab00000)
  object space 49152K, 16% used [0x00000000c0000000,0x00000000c07ba930,0x00000000c3000000)
 Metaspace       used 6295K, capacity 7090K, committed 7296K, reserved 1056768K
  class space    used 599K, capacity 618K, committed 640K, reserved 1048576K
Event: 8.276 GC heap after
Heap after GC invocations=4 (full 0):
 PSYoungGen      total 76800K, used 3040K [0x00000000eab00000, 0x00000000ef900000, 0x0000000100000000)
  eden space 73728K, 0% used [0x00000000eab00000,0x00000000eab00000,0x00000000ef300000)
  from space 3072K, 98% used [0x00000000ef600000,0x00000000ef8f8010,0x00000000ef900000)
  to   space 3072K, 0% used [0x00000000ef300000,0x00000000ef300000,0x00000000ef600000)
 ParOldGen       total 49152K, used 14202K [0x00000000c0000000, 0x00000000c3000000, 0x00000000eab00000)
  object space 49152K, 28% used [0x00000000c0000000,0x00000000c0dde950,0x00000000c3000000)
 Metaspace       used 6295K, capacity 7090K, committed 7296K, reserved 1056768K
  class space    used 599K, capacity 618K, committed 640K, reserved 1048576K
}
Event: 13.963 GC heap before
{Heap before GC invocations=5 (full 0):
 PSYoungGen      total 76800K, used 76768K [0x00000000eab00000, 0x00000000ef900000, 0x0000000100000000)
  eden space 73728K, 100% used [0x00000000eab00000,0x00000000ef300000,0x00000000ef300000)
  from space 3072K, 98% used [0x00000000ef600000,0x00000000ef8f8010,0x00000000ef900000)
  to   space 3072K, 0% used [0x00000000ef300000,0x00000000ef300000,0x00000000ef600000)
 ParOldGen       total 49152K, used 14202K [0x00000000c0000000, 0x00000000c3000000, 0x00000000eab00000)
  object space 49152K, 28% used [0x00000000c0000000,0x00000000c0dde950,0x00000000c3000000)
 Metaspace       used 6412K, capacity 7154K, committed 7296K, reserved 1056768K
  class space    used 599K, capacity 618K, committed 640K, reserved 1048576K
Event: 14.892 GC heap after
Heap after GC invocations=5 (full 0):
 PSYoungGen      total 76800K, used 3059K [0x00000000eab00000, 0x00000000f5d00000, 0x0000000100000000)
  eden space 73728K, 0% used [0x00000000eab00000,0x00000000eab00000,0x00000000ef300000)
  from space 3072K, 99% used [0x00000000ef300000,0x00000000ef5fceb8,0x00000000ef600000)
  to   space 17408K, 0% used [0x00000000f4c00000,0x00000000f4c00000,0x00000000f5d00000)
 ParOldGen       total 49152K, used 25792K [0x00000000c0000000, 0x00000000c3000000, 0x00000000eab00000)
  object space 49152K, 52% used [0x00000000c0000000,0x00000000c19303b0,0x00000000c3000000)
 Metaspace       used 6412K, capacity 7154K, committed 7296K, reserved 1056768K
  class space    used 599K, capacity 618K, committed 640K, reserved 1048576K
}
Event: 23.584 GC heap before
{Heap before GC invocations=6 (full 0):
 PSYoungGen      total 76800K, used 76787K [0x00000000eab00000, 0x00000000f5d00000, 0x0000000100000000)
  eden space 73728K, 100% used [0x00000000eab00000,0x00000000ef300000,0x00000000ef300000)
  from space 3072K, 99% used [0x00000000ef300000,0x00000000ef5fceb8,0x00000000ef600000)
  to   space 17408K, 0% used [0x00000000f4c00000,0x00000000f4c00000,0x00000000f5d00000)
 ParOldGen       total 49152K, used 25792K [0x00000000c0000000, 0x00000000c3000000, 0x00000000eab00000)
  object space 49152K, 52% used [0x00000000c0000000,0x00000000c19303b0,0x00000000c3000000)
 Metaspace       used 6432K, capacity 7154K, committed 7296K, reserved 1056768K
  class space    used 599K, capacity 618K, committed 640K, reserved 1048576K
Event: 24.869 GC heap after
Heap after GC invocations=6 (full 0):
 PSYoungGen      total 161792K, used 16268K [0x00000000eab00000, 0x00000000f6300000, 0x0000000100000000)
  eden space 144384K, 0% used [0x00000000eab00000,0x00000000eab00000,0x00000000f3800000)
  from space 17408K, 93% used [0x00000000f4c00000,0x00000000f5be33f0,0x00000000f5d00000)
  to   space 20480K, 0% used [0x00000000f3800000,0x00000000f3800000,0x00000000f4c00000)
 ParOldGen       total 49152K, used 25800K [0x00000000c0000000, 0x00000000c3000000, 0x00000000eab00000)
  object space 49152K, 52% used [0x00000000c0000000,0x00000000c19323b0,0x00000000c3000000)
 Metaspace       used 6432K, capacity 7154K, committed 7296K, reserved 1056768K
  class space    used 599K, capacity 618K, committed 640K, reserved 1048576K
}

